Classic Timing Analyzer report for Dooz
Sat Dec 14 11:49:59 2019
Quartus II Version 9.0 Build 235 06/17/2009 Service Pack 2 SJ Web Edition


---------------------
; Table of Contents ;
---------------------
  1. Legal Notice
  2. Timing Analyzer Summary
  3. Timing Analyzer Settings
  4. Clock Settings Summary
  5. Parallel Compilation
  6. Clock Setup: 'clk'
  7. Clock Hold: 'clk'
  8. tsu
  9. tco
 10. th
 11. Timing Analyzer Messages



----------------
; Legal Notice ;
----------------
Copyright (C) 1991-2009 Altera Corporation
Your use of Altera Corporation's design tools, logic functions 
and other software and tools, and its AMPP partner logic 
functions, and any output files from any of the foregoing 
(including device programming or simulation files), and any 
associated documentation or information are expressly subject 
to the terms and conditions of the Altera Program License 
Subscription Agreement, Altera MegaCore Function License 
Agreement, or other applicable license agreement, including, 
without limitation, that your use is for the sole purpose of 
programming logic devices manufactured by Altera and sold by 
Altera or its authorized distributors.  Please refer to the 
applicable agreement for further details.



+-----------------------------------------------------------------------------------------------------------------------------------------------------------------------------------------------------------------------+
; Timing Analyzer Summary                                                                                                                                                                                               ;
+------------------------------+------------------------------------------+---------------+----------------------------------+-------------------------+-------------------------+------------+----------+--------------+
; Type                         ; Slack                                    ; Required Time ; Actual Time                      ; From                    ; To                      ; From Clock ; To Clock ; Failed Paths ;
+------------------------------+------------------------------------------+---------------+----------------------------------+-------------------------+-------------------------+------------+----------+--------------+
; Worst-case tsu               ; N/A                                      ; None          ; 6.127 ns                         ; ckey[3]                 ; key:bl|scan_key.01111   ; --         ; clk      ; 0            ;
; Worst-case tco               ; N/A                                      ; None          ; 16.043 ns                        ; ControlUnit2:cu|mat[52] ; winner[0]               ; clk        ; --       ; 0            ;
; Worst-case th                ; N/A                                      ; None          ; -1.234 ns                        ; ckey[1]                 ; key:bl|scan_key.01011   ; --         ; clk      ; 0            ;
; Clock Setup: 'clk'           ; N/A                                      ; None          ; 67.32 MHz ( period = 14.855 ns ) ; ControlUnit2:cu|mat[55] ; ControlUnit2:cu|mat[19] ; clk        ; clk      ; 0            ;
; Clock Hold: 'clk'            ; Not operational: Clock Skew > Data Delay ; None          ; N/A                              ; ControlUnit2:cu|beep    ; dotmat:blok|beep        ; clk        ; clk      ; 1            ;
; Total number of failed paths ;                                          ;               ;                                  ;                         ;                         ;            ;          ; 1            ;
+------------------------------+------------------------------------------+---------------+----------------------------------+-------------------------+-------------------------+------------+----------+--------------+


+--------------------------------------------------------------------------------------------------------------------+
; Timing Analyzer Settings                                                                                           ;
+---------------------------------------------------------------------+--------------------+------+----+-------------+
; Option                                                              ; Setting            ; From ; To ; Entity Name ;
+---------------------------------------------------------------------+--------------------+------+----+-------------+
; Device Name                                                         ; EPM240T100C5       ;      ;    ;             ;
; Timing Models                                                       ; Final              ;      ;    ;             ;
; Default hold multicycle                                             ; Same as Multicycle ;      ;    ;             ;
; Cut paths between unrelated clock domains                           ; On                 ;      ;    ;             ;
; Cut off read during write signal paths                              ; On                 ;      ;    ;             ;
; Cut off feedback from I/O pins                                      ; On                 ;      ;    ;             ;
; Report Combined Fast/Slow Timing                                    ; Off                ;      ;    ;             ;
; Ignore Clock Settings                                               ; Off                ;      ;    ;             ;
; Analyze latches as synchronous elements                             ; On                 ;      ;    ;             ;
; Enable Recovery/Removal analysis                                    ; Off                ;      ;    ;             ;
; Enable Clock Latency                                                ; Off                ;      ;    ;             ;
; Use TimeQuest Timing Analyzer                                       ; Off                ;      ;    ;             ;
; Minimum Core Junction Temperature                                   ; 0                  ;      ;    ;             ;
; Maximum Core Junction Temperature                                   ; 85                 ;      ;    ;             ;
; Number of source nodes to report per destination node               ; 10                 ;      ;    ;             ;
; Number of destination nodes to report                               ; 10                 ;      ;    ;             ;
; Number of paths to report                                           ; 200                ;      ;    ;             ;
; Report Minimum Timing Checks                                        ; Off                ;      ;    ;             ;
; Use Fast Timing Models                                              ; Off                ;      ;    ;             ;
; Report IO Paths Separately                                          ; Off                ;      ;    ;             ;
; Perform Multicorner Analysis                                        ; Off                ;      ;    ;             ;
; Reports the worst-case path for each clock domain and analysis      ; Off                ;      ;    ;             ;
; Removes common clock path pessimism (CCPP) during slack computation ; Off                ;      ;    ;             ;
; Output I/O Timing Endpoint                                          ; Near End           ;      ;    ;             ;
+---------------------------------------------------------------------+--------------------+------+----+-------------+


+------------------------------------------------------------------------------------------------------------------------------------------------------------------------------------+
; Clock Settings Summary                                                                                                                                                             ;
+-----------------+--------------------+----------+------------------+---------------+--------------+----------+-----------------------+---------------------+--------+--------------+
; Clock Node Name ; Clock Setting Name ; Type     ; Fmax Requirement ; Early Latency ; Late Latency ; Based on ; Multiply Base Fmax by ; Divide Base Fmax by ; Offset ; Phase offset ;
+-----------------+--------------------+----------+------------------+---------------+--------------+----------+-----------------------+---------------------+--------+--------------+
; clk             ;                    ; User Pin ; None             ; 0.000 ns      ; 0.000 ns     ; --       ; N/A                   ; N/A                 ; N/A    ;              ;
+-----------------+--------------------+----------+------------------+---------------+--------------+----------+-----------------------+---------------------+--------+--------------+


+------------------------------------------+
; Parallel Compilation                     ;
+----------------------------+-------------+
; Processors                 ; Number      ;
+----------------------------+-------------+
; Number detected on machine ; 2           ;
; Maximum allowed            ; 2           ;
;                            ;             ;
; Average used               ; 1.00        ;
; Maximum used               ; 1           ;
;                            ;             ;
; Usage by Processor         ; % Time Used ;
;     1 processor            ; 100.0%      ;
;     2 processors           ;   0.0%      ;
+----------------------------+-------------+


+--------------------------------------------------------------------------------------------------------------------------------------------------------------------------------------------------------------------------------------------------------------------+
; Clock Setup: 'clk'                                                                                                                                                                                                                                                 ;
+-----------------------------------------+-----------------------------------------------------+-------------------------+------------------------------+------------+----------+-----------------------------+---------------------------+-------------------------+
; Slack                                   ; Actual fmax (period)                                ; From                    ; To                           ; From Clock ; To Clock ; Required Setup Relationship ; Required Longest P2P Time ; Actual Longest P2P Time ;
+-----------------------------------------+-----------------------------------------------------+-------------------------+------------------------------+------------+----------+-----------------------------+---------------------------+-------------------------+
; N/A                                     ; 67.32 MHz ( period = 14.855 ns )                    ; ControlUnit2:cu|mat[55] ; ControlUnit2:cu|mat[18]      ; clk        ; clk      ; None                        ; None                      ; 14.146 ns               ;
; N/A                                     ; 67.32 MHz ( period = 14.855 ns )                    ; ControlUnit2:cu|mat[55] ; ControlUnit2:cu|mat[19]      ; clk        ; clk      ; None                        ; None                      ; 14.146 ns               ;
; N/A                                     ; 67.73 MHz ( period = 14.764 ns )                    ; ControlUnit2:cu|mat[53] ; ControlUnit2:cu|mat[18]      ; clk        ; clk      ; None                        ; None                      ; 14.055 ns               ;
; N/A                                     ; 67.73 MHz ( period = 14.764 ns )                    ; ControlUnit2:cu|mat[53] ; ControlUnit2:cu|mat[19]      ; clk        ; clk      ; None                        ; None                      ; 14.055 ns               ;
; N/A                                     ; 68.05 MHz ( period = 14.694 ns )                    ; ControlUnit2:cu|mat[6]  ; dotmat:blok|col[7]           ; clk        ; clk      ; None                        ; None                      ; 13.985 ns               ;
; N/A                                     ; 68.07 MHz ( period = 14.690 ns )                    ; key:bl|scan_key.00001   ; ControlUnit2:cu|mat[17]      ; clk        ; clk      ; None                        ; None                      ; 13.981 ns               ;
; N/A                                     ; 68.07 MHz ( period = 14.690 ns )                    ; key:bl|scan_key.00001   ; ControlUnit2:cu|mat[16]      ; clk        ; clk      ; None                        ; None                      ; 13.981 ns               ;
; N/A                                     ; 68.56 MHz ( period = 14.586 ns )                    ; ControlUnit2:cu|mat[55] ; ControlUnit2:cu|mat[4]       ; clk        ; clk      ; None                        ; None                      ; 13.877 ns               ;
; N/A                                     ; 68.56 MHz ( period = 14.586 ns )                    ; ControlUnit2:cu|mat[55] ; ControlUnit2:cu|mat[5]       ; clk        ; clk      ; None                        ; None                      ; 13.877 ns               ;
; N/A                                     ; 68.83 MHz ( period = 14.529 ns )                    ; key:bl|scan_key.00001   ; ControlUnit2:cu|mat[50]      ; clk        ; clk      ; None                        ; None                      ; 13.820 ns               ;
; N/A                                     ; 68.83 MHz ( period = 14.529 ns )                    ; key:bl|scan_key.00001   ; ControlUnit2:cu|mat[51]      ; clk        ; clk      ; None                        ; None                      ; 13.820 ns               ;
; N/A                                     ; 68.99 MHz ( period = 14.495 ns )                    ; ControlUnit2:cu|mat[53] ; ControlUnit2:cu|mat[4]       ; clk        ; clk      ; None                        ; None                      ; 13.786 ns               ;
; N/A                                     ; 68.99 MHz ( period = 14.495 ns )                    ; ControlUnit2:cu|mat[53] ; ControlUnit2:cu|mat[5]       ; clk        ; clk      ; None                        ; None                      ; 13.786 ns               ;
; N/A                                     ; 69.16 MHz ( period = 14.460 ns )                    ; ControlUnit2:cu|mat[55] ; ControlUnit2:cu|mat[38]      ; clk        ; clk      ; None                        ; None                      ; 13.751 ns               ;
; N/A                                     ; 69.16 MHz ( period = 14.460 ns )                    ; ControlUnit2:cu|mat[55] ; ControlUnit2:cu|mat[39]      ; clk        ; clk      ; None                        ; None                      ; 13.751 ns               ;
; N/A                                     ; 69.18 MHz ( period = 14.455 ns )                    ; key:bl|scan_key.00111   ; ControlUnit2:cu|mat[17]      ; clk        ; clk      ; None                        ; None                      ; 13.746 ns               ;
; N/A                                     ; 69.18 MHz ( period = 14.455 ns )                    ; key:bl|scan_key.00111   ; ControlUnit2:cu|mat[16]      ; clk        ; clk      ; None                        ; None                      ; 13.746 ns               ;
; N/A                                     ; 69.32 MHz ( period = 14.426 ns )                    ; ControlUnit2:cu|mat[52] ; ControlUnit2:cu|mat[17]      ; clk        ; clk      ; None                        ; None                      ; 13.717 ns               ;
; N/A                                     ; 69.32 MHz ( period = 14.426 ns )                    ; ControlUnit2:cu|mat[52] ; ControlUnit2:cu|mat[16]      ; clk        ; clk      ; None                        ; None                      ; 13.717 ns               ;
; N/A                                     ; 69.39 MHz ( period = 14.411 ns )                    ; ControlUnit2:cu|mat[52] ; ControlUnit2:cu|mat[18]      ; clk        ; clk      ; None                        ; None                      ; 13.702 ns               ;
; N/A                                     ; 69.39 MHz ( period = 14.411 ns )                    ; ControlUnit2:cu|mat[52] ; ControlUnit2:cu|mat[19]      ; clk        ; clk      ; None                        ; None                      ; 13.702 ns               ;
; N/A                                     ; 69.59 MHz ( period = 14.369 ns )                    ; ControlUnit2:cu|mat[8]  ; ControlUnit2:cu|mat[18]      ; clk        ; clk      ; None                        ; None                      ; 13.660 ns               ;
; N/A                                     ; 69.59 MHz ( period = 14.369 ns )                    ; ControlUnit2:cu|mat[8]  ; ControlUnit2:cu|mat[19]      ; clk        ; clk      ; None                        ; None                      ; 13.660 ns               ;
; N/A                                     ; 69.59 MHz ( period = 14.369 ns )                    ; ControlUnit2:cu|mat[53] ; ControlUnit2:cu|mat[38]      ; clk        ; clk      ; None                        ; None                      ; 13.660 ns               ;
; N/A                                     ; 69.59 MHz ( period = 14.369 ns )                    ; ControlUnit2:cu|mat[53] ; ControlUnit2:cu|mat[39]      ; clk        ; clk      ; None                        ; None                      ; 13.660 ns               ;
; N/A                                     ; 69.65 MHz ( period = 14.357 ns )                    ; ControlUnit2:cu|mat[39] ; ControlUnit2:cu|mat[18]      ; clk        ; clk      ; None                        ; None                      ; 13.648 ns               ;
; N/A                                     ; 69.65 MHz ( period = 14.357 ns )                    ; ControlUnit2:cu|mat[39] ; ControlUnit2:cu|mat[19]      ; clk        ; clk      ; None                        ; None                      ; 13.648 ns               ;
; N/A                                     ; 69.76 MHz ( period = 14.334 ns )                    ; ControlUnit2:cu|mat[49] ; ControlUnit2:cu|mat[18]      ; clk        ; clk      ; None                        ; None                      ; 13.625 ns               ;
; N/A                                     ; 69.76 MHz ( period = 14.334 ns )                    ; ControlUnit2:cu|mat[49] ; ControlUnit2:cu|mat[19]      ; clk        ; clk      ; None                        ; None                      ; 13.625 ns               ;
; N/A                                     ; 69.96 MHz ( period = 14.294 ns )                    ; key:bl|scan_key.00111   ; ControlUnit2:cu|mat[50]      ; clk        ; clk      ; None                        ; None                      ; 13.585 ns               ;
; N/A                                     ; 69.96 MHz ( period = 14.294 ns )                    ; key:bl|scan_key.00111   ; ControlUnit2:cu|mat[51]      ; clk        ; clk      ; None                        ; None                      ; 13.585 ns               ;
; N/A                                     ; 70.03 MHz ( period = 14.279 ns )                    ; dotmat:blok|Q[13]       ; dotmat:blok|col[7]           ; clk        ; clk      ; None                        ; None                      ; 13.570 ns               ;
; N/A                                     ; 70.06 MHz ( period = 14.274 ns )                    ; ControlUnit2:cu|mat[17] ; ControlUnit2:cu|mat[18]      ; clk        ; clk      ; None                        ; None                      ; 13.565 ns               ;
; N/A                                     ; 70.06 MHz ( period = 14.274 ns )                    ; ControlUnit2:cu|mat[17] ; ControlUnit2:cu|mat[19]      ; clk        ; clk      ; None                        ; None                      ; 13.565 ns               ;
; N/A                                     ; 70.10 MHz ( period = 14.265 ns )                    ; ControlUnit2:cu|mat[52] ; ControlUnit2:cu|mat[50]      ; clk        ; clk      ; None                        ; None                      ; 13.556 ns               ;
; N/A                                     ; 70.10 MHz ( period = 14.265 ns )                    ; ControlUnit2:cu|mat[52] ; ControlUnit2:cu|mat[51]      ; clk        ; clk      ; None                        ; None                      ; 13.556 ns               ;
; N/A                                     ; 70.14 MHz ( period = 14.257 ns )                    ; key:bl|scan_key.00100   ; ControlUnit2:cu|mat[17]      ; clk        ; clk      ; None                        ; None                      ; 13.548 ns               ;
; N/A                                     ; 70.14 MHz ( period = 14.257 ns )                    ; key:bl|scan_key.00100   ; ControlUnit2:cu|mat[16]      ; clk        ; clk      ; None                        ; None                      ; 13.548 ns               ;
; N/A                                     ; 70.31 MHz ( period = 14.222 ns )                    ; ControlUnit2:cu|mat[48] ; ControlUnit2:cu|mat[17]      ; clk        ; clk      ; None                        ; None                      ; 13.513 ns               ;
; N/A                                     ; 70.31 MHz ( period = 14.222 ns )                    ; ControlUnit2:cu|mat[48] ; ControlUnit2:cu|mat[16]      ; clk        ; clk      ; None                        ; None                      ; 13.513 ns               ;
; N/A                                     ; 70.37 MHz ( period = 14.211 ns )                    ; key:bl|scan_key.00001   ; ControlUnit2:cu|keyboard2[7] ; clk        ; clk      ; None                        ; None                      ; 13.502 ns               ;
; N/A                                     ; 70.37 MHz ( period = 14.211 ns )                    ; key:bl|scan_key.00001   ; ControlUnit2:cu|keyboard2[4] ; clk        ; clk      ; None                        ; None                      ; 13.502 ns               ;
; N/A                                     ; 70.39 MHz ( period = 14.207 ns )                    ; ControlUnit2:cu|mat[48] ; ControlUnit2:cu|mat[18]      ; clk        ; clk      ; None                        ; None                      ; 13.498 ns               ;
; N/A                                     ; 70.39 MHz ( period = 14.207 ns )                    ; ControlUnit2:cu|mat[48] ; ControlUnit2:cu|mat[19]      ; clk        ; clk      ; None                        ; None                      ; 13.498 ns               ;
; N/A                                     ; 70.39 MHz ( period = 14.206 ns )                    ; ControlUnit2:cu|mat[19] ; ControlUnit2:cu|mat[18]      ; clk        ; clk      ; None                        ; None                      ; 13.497 ns               ;
; N/A                                     ; 70.39 MHz ( period = 14.206 ns )                    ; ControlUnit2:cu|mat[19] ; ControlUnit2:cu|mat[19]      ; clk        ; clk      ; None                        ; None                      ; 13.497 ns               ;
; N/A                                     ; 70.42 MHz ( period = 14.201 ns )                    ; ControlUnit2:cu|mat[55] ; ControlUnit2:cu|mat[6]       ; clk        ; clk      ; None                        ; None                      ; 13.492 ns               ;
; N/A                                     ; 70.42 MHz ( period = 14.201 ns )                    ; ControlUnit2:cu|mat[55] ; ControlUnit2:cu|mat[7]       ; clk        ; clk      ; None                        ; None                      ; 13.492 ns               ;
; N/A                                     ; 70.44 MHz ( period = 14.197 ns )                    ; ControlUnit2:cu|mat[55] ; ControlUnit2:cu|mat[17]      ; clk        ; clk      ; None                        ; None                      ; 13.488 ns               ;
; N/A                                     ; 70.44 MHz ( period = 14.197 ns )                    ; ControlUnit2:cu|mat[55] ; ControlUnit2:cu|mat[16]      ; clk        ; clk      ; None                        ; None                      ; 13.488 ns               ;
; N/A                                     ; 70.51 MHz ( period = 14.183 ns )                    ; ControlUnit2:cu|mat[6]  ; dotmat:blok|col[6]           ; clk        ; clk      ; None                        ; None                      ; 13.474 ns               ;
; N/A                                     ; 70.71 MHz ( period = 14.142 ns )                    ; ControlUnit2:cu|mat[51] ; ControlUnit2:cu|mat[18]      ; clk        ; clk      ; None                        ; None                      ; 13.433 ns               ;
; N/A                                     ; 70.71 MHz ( period = 14.142 ns )                    ; ControlUnit2:cu|mat[51] ; ControlUnit2:cu|mat[19]      ; clk        ; clk      ; None                        ; None                      ; 13.433 ns               ;
; N/A                                     ; 70.71 MHz ( period = 14.142 ns )                    ; ControlUnit2:cu|mat[52] ; ControlUnit2:cu|mat[4]       ; clk        ; clk      ; None                        ; None                      ; 13.433 ns               ;
; N/A                                     ; 70.71 MHz ( period = 14.142 ns )                    ; ControlUnit2:cu|mat[52] ; ControlUnit2:cu|mat[5]       ; clk        ; clk      ; None                        ; None                      ; 13.433 ns               ;
; N/A                                     ; 70.87 MHz ( period = 14.110 ns )                    ; ControlUnit2:cu|mat[53] ; ControlUnit2:cu|mat[6]       ; clk        ; clk      ; None                        ; None                      ; 13.401 ns               ;
; N/A                                     ; 70.87 MHz ( period = 14.110 ns )                    ; ControlUnit2:cu|mat[53] ; ControlUnit2:cu|mat[7]       ; clk        ; clk      ; None                        ; None                      ; 13.401 ns               ;
; N/A                                     ; 70.89 MHz ( period = 14.106 ns )                    ; ControlUnit2:cu|mat[53] ; ControlUnit2:cu|mat[17]      ; clk        ; clk      ; None                        ; None                      ; 13.397 ns               ;
; N/A                                     ; 70.89 MHz ( period = 14.106 ns )                    ; ControlUnit2:cu|mat[53] ; ControlUnit2:cu|mat[16]      ; clk        ; clk      ; None                        ; None                      ; 13.397 ns               ;
; N/A                                     ; 70.92 MHz ( period = 14.100 ns )                    ; ControlUnit2:cu|mat[8]  ; ControlUnit2:cu|mat[4]       ; clk        ; clk      ; None                        ; None                      ; 13.391 ns               ;
; N/A                                     ; 70.92 MHz ( period = 14.100 ns )                    ; ControlUnit2:cu|mat[8]  ; ControlUnit2:cu|mat[5]       ; clk        ; clk      ; None                        ; None                      ; 13.391 ns               ;
; N/A                                     ; 70.94 MHz ( period = 14.096 ns )                    ; key:bl|scan_key.00100   ; ControlUnit2:cu|mat[50]      ; clk        ; clk      ; None                        ; None                      ; 13.387 ns               ;
; N/A                                     ; 70.94 MHz ( period = 14.096 ns )                    ; key:bl|scan_key.00100   ; ControlUnit2:cu|mat[51]      ; clk        ; clk      ; None                        ; None                      ; 13.387 ns               ;
; N/A                                     ; 70.97 MHz ( period = 14.091 ns )                    ; ControlUnit2:cu|mat[52] ; ControlUnit2:cu|keyboard2[7] ; clk        ; clk      ; None                        ; None                      ; 13.382 ns               ;
; N/A                                     ; 70.97 MHz ( period = 14.091 ns )                    ; ControlUnit2:cu|mat[52] ; ControlUnit2:cu|keyboard2[4] ; clk        ; clk      ; None                        ; None                      ; 13.382 ns               ;
; N/A                                     ; 70.98 MHz ( period = 14.088 ns )                    ; ControlUnit2:cu|mat[39] ; ControlUnit2:cu|mat[4]       ; clk        ; clk      ; None                        ; None                      ; 13.379 ns               ;
; N/A                                     ; 70.98 MHz ( period = 14.088 ns )                    ; ControlUnit2:cu|mat[39] ; ControlUnit2:cu|mat[5]       ; clk        ; clk      ; None                        ; None                      ; 13.379 ns               ;
; N/A                                     ; 71.10 MHz ( period = 14.065 ns )                    ; ControlUnit2:cu|mat[49] ; ControlUnit2:cu|mat[4]       ; clk        ; clk      ; None                        ; None                      ; 13.356 ns               ;
; N/A                                     ; 71.10 MHz ( period = 14.065 ns )                    ; ControlUnit2:cu|mat[49] ; ControlUnit2:cu|mat[5]       ; clk        ; clk      ; None                        ; None                      ; 13.356 ns               ;
; N/A                                     ; 71.12 MHz ( period = 14.061 ns )                    ; ControlUnit2:cu|mat[48] ; ControlUnit2:cu|mat[50]      ; clk        ; clk      ; None                        ; None                      ; 13.352 ns               ;
; N/A                                     ; 71.12 MHz ( period = 14.061 ns )                    ; ControlUnit2:cu|mat[48] ; ControlUnit2:cu|mat[51]      ; clk        ; clk      ; None                        ; None                      ; 13.352 ns               ;
; N/A                                     ; 71.25 MHz ( period = 14.036 ns )                    ; ControlUnit2:cu|mat[55] ; ControlUnit2:cu|mat[50]      ; clk        ; clk      ; None                        ; None                      ; 13.327 ns               ;
; N/A                                     ; 71.25 MHz ( period = 14.036 ns )                    ; ControlUnit2:cu|mat[55] ; ControlUnit2:cu|mat[51]      ; clk        ; clk      ; None                        ; None                      ; 13.327 ns               ;
; N/A                                     ; 71.28 MHz ( period = 14.030 ns )                    ; ControlUnit2:cu|mat[6]  ; ControlUnit2:cu|mat[17]      ; clk        ; clk      ; None                        ; None                      ; 13.321 ns               ;
; N/A                                     ; 71.28 MHz ( period = 14.030 ns )                    ; ControlUnit2:cu|mat[6]  ; ControlUnit2:cu|mat[16]      ; clk        ; clk      ; None                        ; None                      ; 13.321 ns               ;
; N/A                                     ; 71.35 MHz ( period = 14.016 ns )                    ; ControlUnit2:cu|mat[52] ; ControlUnit2:cu|mat[38]      ; clk        ; clk      ; None                        ; None                      ; 13.307 ns               ;
; N/A                                     ; 71.35 MHz ( period = 14.016 ns )                    ; ControlUnit2:cu|mat[52] ; ControlUnit2:cu|mat[39]      ; clk        ; clk      ; None                        ; None                      ; 13.307 ns               ;
; N/A                                     ; 71.35 MHz ( period = 14.015 ns )                    ; ControlUnit2:cu|mat[6]  ; ControlUnit2:cu|mat[18]      ; clk        ; clk      ; None                        ; None                      ; 13.306 ns               ;
; N/A                                     ; 71.35 MHz ( period = 14.015 ns )                    ; ControlUnit2:cu|mat[6]  ; ControlUnit2:cu|mat[19]      ; clk        ; clk      ; None                        ; None                      ; 13.306 ns               ;
; N/A                                     ; 71.40 MHz ( period = 14.005 ns )                    ; ControlUnit2:cu|mat[17] ; ControlUnit2:cu|mat[4]       ; clk        ; clk      ; None                        ; None                      ; 13.296 ns               ;
; N/A                                     ; 71.40 MHz ( period = 14.005 ns )                    ; ControlUnit2:cu|mat[17] ; ControlUnit2:cu|mat[5]       ; clk        ; clk      ; None                        ; None                      ; 13.296 ns               ;
; N/A                                     ; 71.43 MHz ( period = 14.000 ns )                    ; ControlUnit2:cu|mat[54] ; ControlUnit2:cu|mat[17]      ; clk        ; clk      ; None                        ; None                      ; 13.291 ns               ;
; N/A                                     ; 71.43 MHz ( period = 14.000 ns )                    ; ControlUnit2:cu|mat[54] ; ControlUnit2:cu|mat[16]      ; clk        ; clk      ; None                        ; None                      ; 13.291 ns               ;
; N/A                                     ; 71.46 MHz ( period = 13.993 ns )                    ; ControlUnit2:cu|mat[36] ; ControlUnit2:cu|mat[17]      ; clk        ; clk      ; None                        ; None                      ; 13.284 ns               ;
; N/A                                     ; 71.46 MHz ( period = 13.993 ns )                    ; ControlUnit2:cu|mat[36] ; ControlUnit2:cu|mat[16]      ; clk        ; clk      ; None                        ; None                      ; 13.284 ns               ;
; N/A                                     ; 71.51 MHz ( period = 13.985 ns )                    ; ControlUnit2:cu|mat[54] ; ControlUnit2:cu|mat[18]      ; clk        ; clk      ; None                        ; None                      ; 13.276 ns               ;
; N/A                                     ; 71.51 MHz ( period = 13.985 ns )                    ; ControlUnit2:cu|mat[54] ; ControlUnit2:cu|mat[19]      ; clk        ; clk      ; None                        ; None                      ; 13.276 ns               ;
; N/A                                     ; 71.54 MHz ( period = 13.978 ns )                    ; ControlUnit2:cu|mat[36] ; ControlUnit2:cu|mat[18]      ; clk        ; clk      ; None                        ; None                      ; 13.269 ns               ;
; N/A                                     ; 71.54 MHz ( period = 13.978 ns )                    ; ControlUnit2:cu|mat[36] ; ControlUnit2:cu|mat[19]      ; clk        ; clk      ; None                        ; None                      ; 13.269 ns               ;
; N/A                                     ; 71.55 MHz ( period = 13.976 ns )                    ; key:bl|scan_key.00111   ; ControlUnit2:cu|keyboard2[7] ; clk        ; clk      ; None                        ; None                      ; 13.267 ns               ;
; N/A                                     ; 71.55 MHz ( period = 13.976 ns )                    ; key:bl|scan_key.00111   ; ControlUnit2:cu|keyboard2[4] ; clk        ; clk      ; None                        ; None                      ; 13.267 ns               ;
; N/A                                     ; 71.56 MHz ( period = 13.974 ns )                    ; ControlUnit2:cu|mat[8]  ; ControlUnit2:cu|mat[38]      ; clk        ; clk      ; None                        ; None                      ; 13.265 ns               ;
; N/A                                     ; 71.56 MHz ( period = 13.974 ns )                    ; ControlUnit2:cu|mat[8]  ; ControlUnit2:cu|mat[39]      ; clk        ; clk      ; None                        ; None                      ; 13.265 ns               ;
; N/A                                     ; 71.62 MHz ( period = 13.962 ns )                    ; ControlUnit2:cu|mat[39] ; ControlUnit2:cu|mat[38]      ; clk        ; clk      ; None                        ; None                      ; 13.253 ns               ;
; N/A                                     ; 71.62 MHz ( period = 13.962 ns )                    ; ControlUnit2:cu|mat[39] ; ControlUnit2:cu|mat[39]      ; clk        ; clk      ; None                        ; None                      ; 13.253 ns               ;
; N/A                                     ; 71.65 MHz ( period = 13.957 ns )                    ; ControlUnit2:cu|mat[20] ; ControlUnit2:cu|mat[17]      ; clk        ; clk      ; None                        ; None                      ; 13.248 ns               ;
; N/A                                     ; 71.65 MHz ( period = 13.957 ns )                    ; ControlUnit2:cu|mat[20] ; ControlUnit2:cu|mat[16]      ; clk        ; clk      ; None                        ; None                      ; 13.248 ns               ;
; N/A                                     ; 71.71 MHz ( period = 13.945 ns )                    ; ControlUnit2:cu|mat[53] ; ControlUnit2:cu|mat[50]      ; clk        ; clk      ; None                        ; None                      ; 13.236 ns               ;
; N/A                                     ; 71.71 MHz ( period = 13.945 ns )                    ; ControlUnit2:cu|mat[53] ; ControlUnit2:cu|mat[51]      ; clk        ; clk      ; None                        ; None                      ; 13.236 ns               ;
; N/A                                     ; 71.73 MHz ( period = 13.942 ns )                    ; ControlUnit2:cu|mat[20] ; ControlUnit2:cu|mat[18]      ; clk        ; clk      ; None                        ; None                      ; 13.233 ns               ;
; N/A                                     ; 71.73 MHz ( period = 13.942 ns )                    ; ControlUnit2:cu|mat[20] ; ControlUnit2:cu|mat[19]      ; clk        ; clk      ; None                        ; None                      ; 13.233 ns               ;
; N/A                                     ; 71.74 MHz ( period = 13.939 ns )                    ; ControlUnit2:cu|mat[49] ; ControlUnit2:cu|mat[38]      ; clk        ; clk      ; None                        ; None                      ; 13.230 ns               ;
; N/A                                     ; 71.74 MHz ( period = 13.939 ns )                    ; ControlUnit2:cu|mat[49] ; ControlUnit2:cu|mat[39]      ; clk        ; clk      ; None                        ; None                      ; 13.230 ns               ;
; N/A                                     ; 71.75 MHz ( period = 13.938 ns )                    ; ControlUnit2:cu|mat[48] ; ControlUnit2:cu|mat[4]       ; clk        ; clk      ; None                        ; None                      ; 13.229 ns               ;
; N/A                                     ; 71.75 MHz ( period = 13.938 ns )                    ; ControlUnit2:cu|mat[48] ; ControlUnit2:cu|mat[5]       ; clk        ; clk      ; None                        ; None                      ; 13.229 ns               ;
; N/A                                     ; 71.75 MHz ( period = 13.937 ns )                    ; ControlUnit2:cu|mat[19] ; ControlUnit2:cu|mat[4]       ; clk        ; clk      ; None                        ; None                      ; 13.228 ns               ;
; N/A                                     ; 71.75 MHz ( period = 13.937 ns )                    ; ControlUnit2:cu|mat[19] ; ControlUnit2:cu|mat[5]       ; clk        ; clk      ; None                        ; None                      ; 13.228 ns               ;
; N/A                                     ; 71.76 MHz ( period = 13.935 ns )                    ; ControlUnit2:cu|mat[7]  ; ControlUnit2:cu|mat[18]      ; clk        ; clk      ; None                        ; None                      ; 13.226 ns               ;
; N/A                                     ; 71.76 MHz ( period = 13.935 ns )                    ; ControlUnit2:cu|mat[7]  ; ControlUnit2:cu|mat[19]      ; clk        ; clk      ; None                        ; None                      ; 13.226 ns               ;
; N/A                                     ; 71.79 MHz ( period = 13.930 ns )                    ; ControlUnit2:cu|mat[18] ; ControlUnit2:cu|mat[17]      ; clk        ; clk      ; None                        ; None                      ; 13.221 ns               ;
; N/A                                     ; 71.79 MHz ( period = 13.930 ns )                    ; ControlUnit2:cu|mat[18] ; ControlUnit2:cu|mat[16]      ; clk        ; clk      ; None                        ; None                      ; 13.221 ns               ;
; N/A                                     ; 71.82 MHz ( period = 13.924 ns )                    ; key:bl|scan_key.00001   ; ControlUnit2:cu|mat[18]      ; clk        ; clk      ; None                        ; None                      ; 13.215 ns               ;
; N/A                                     ; 71.82 MHz ( period = 13.924 ns )                    ; key:bl|scan_key.00001   ; ControlUnit2:cu|mat[19]      ; clk        ; clk      ; None                        ; None                      ; 13.215 ns               ;
; N/A                                     ; 71.82 MHz ( period = 13.923 ns )                    ; ControlUnit2:cu|mat[23] ; ControlUnit2:cu|mat[18]      ; clk        ; clk      ; None                        ; None                      ; 13.214 ns               ;
; N/A                                     ; 71.82 MHz ( period = 13.923 ns )                    ; ControlUnit2:cu|mat[23] ; ControlUnit2:cu|mat[19]      ; clk        ; clk      ; None                        ; None                      ; 13.214 ns               ;
; N/A                                     ; 71.86 MHz ( period = 13.915 ns )                    ; ControlUnit2:cu|mat[18] ; ControlUnit2:cu|mat[18]      ; clk        ; clk      ; None                        ; None                      ; 13.206 ns               ;
; N/A                                     ; 71.86 MHz ( period = 13.915 ns )                    ; ControlUnit2:cu|mat[18] ; ControlUnit2:cu|mat[19]      ; clk        ; clk      ; None                        ; None                      ; 13.206 ns               ;
; N/A                                     ; 72.01 MHz ( period = 13.887 ns )                    ; ControlUnit2:cu|mat[48] ; ControlUnit2:cu|keyboard2[7] ; clk        ; clk      ; None                        ; None                      ; 13.178 ns               ;
; N/A                                     ; 72.01 MHz ( period = 13.887 ns )                    ; ControlUnit2:cu|mat[48] ; ControlUnit2:cu|keyboard2[4] ; clk        ; clk      ; None                        ; None                      ; 13.178 ns               ;
; N/A                                     ; 72.05 MHz ( period = 13.879 ns )                    ; ControlUnit2:cu|mat[17] ; ControlUnit2:cu|mat[38]      ; clk        ; clk      ; None                        ; None                      ; 13.170 ns               ;
; N/A                                     ; 72.05 MHz ( period = 13.879 ns )                    ; ControlUnit2:cu|mat[17] ; ControlUnit2:cu|mat[39]      ; clk        ; clk      ; None                        ; None                      ; 13.170 ns               ;
; N/A                                     ; 72.08 MHz ( period = 13.873 ns )                    ; ControlUnit2:cu|mat[51] ; ControlUnit2:cu|mat[4]       ; clk        ; clk      ; None                        ; None                      ; 13.164 ns               ;
; N/A                                     ; 72.08 MHz ( period = 13.873 ns )                    ; ControlUnit2:cu|mat[51] ; ControlUnit2:cu|mat[5]       ; clk        ; clk      ; None                        ; None                      ; 13.164 ns               ;
; N/A                                     ; 72.10 MHz ( period = 13.869 ns )                    ; ControlUnit2:cu|mat[6]  ; ControlUnit2:cu|mat[50]      ; clk        ; clk      ; None                        ; None                      ; 13.160 ns               ;
; N/A                                     ; 72.10 MHz ( period = 13.869 ns )                    ; ControlUnit2:cu|mat[6]  ; ControlUnit2:cu|mat[51]      ; clk        ; clk      ; None                        ; None                      ; 13.160 ns               ;
; N/A                                     ; 72.26 MHz ( period = 13.839 ns )                    ; ControlUnit2:cu|mat[54] ; ControlUnit2:cu|mat[50]      ; clk        ; clk      ; None                        ; None                      ; 13.130 ns               ;
; N/A                                     ; 72.26 MHz ( period = 13.839 ns )                    ; ControlUnit2:cu|mat[54] ; ControlUnit2:cu|mat[51]      ; clk        ; clk      ; None                        ; None                      ; 13.130 ns               ;
; N/A                                     ; 72.28 MHz ( period = 13.836 ns )                    ; ControlUnit2:cu|mat[55] ; ControlUnit2:cu|mat[34]      ; clk        ; clk      ; None                        ; None                      ; 13.127 ns               ;
; N/A                                     ; 72.28 MHz ( period = 13.836 ns )                    ; ControlUnit2:cu|mat[55] ; ControlUnit2:cu|mat[35]      ; clk        ; clk      ; None                        ; None                      ; 13.127 ns               ;
; N/A                                     ; 72.30 MHz ( period = 13.832 ns )                    ; ControlUnit2:cu|mat[36] ; ControlUnit2:cu|mat[50]      ; clk        ; clk      ; None                        ; None                      ; 13.123 ns               ;
; N/A                                     ; 72.30 MHz ( period = 13.832 ns )                    ; ControlUnit2:cu|mat[36] ; ControlUnit2:cu|mat[51]      ; clk        ; clk      ; None                        ; None                      ; 13.123 ns               ;
; N/A                                     ; 72.37 MHz ( period = 13.818 ns )                    ; ControlUnit2:cu|mat[55] ; ControlUnit2:cu|mat[32]      ; clk        ; clk      ; None                        ; None                      ; 13.109 ns               ;
; N/A                                     ; 72.37 MHz ( period = 13.818 ns )                    ; ControlUnit2:cu|mat[55] ; ControlUnit2:cu|mat[33]      ; clk        ; clk      ; None                        ; None                      ; 13.109 ns               ;
; N/A                                     ; 72.40 MHz ( period = 13.812 ns )                    ; ControlUnit2:cu|mat[48] ; ControlUnit2:cu|mat[38]      ; clk        ; clk      ; None                        ; None                      ; 13.103 ns               ;
; N/A                                     ; 72.40 MHz ( period = 13.812 ns )                    ; ControlUnit2:cu|mat[48] ; ControlUnit2:cu|mat[39]      ; clk        ; clk      ; None                        ; None                      ; 13.103 ns               ;
; N/A                                     ; 72.41 MHz ( period = 13.811 ns )                    ; ControlUnit2:cu|mat[19] ; ControlUnit2:cu|mat[38]      ; clk        ; clk      ; None                        ; None                      ; 13.102 ns               ;
; N/A                                     ; 72.41 MHz ( period = 13.811 ns )                    ; ControlUnit2:cu|mat[19] ; ControlUnit2:cu|mat[39]      ; clk        ; clk      ; None                        ; None                      ; 13.102 ns               ;
; N/A                                     ; 72.42 MHz ( period = 13.809 ns )                    ; key:bl|scan_key.00001   ; ControlUnit2:cu|mat[23]      ; clk        ; clk      ; None                        ; None                      ; 13.100 ns               ;
; N/A                                     ; 72.42 MHz ( period = 13.809 ns )                    ; key:bl|scan_key.00001   ; ControlUnit2:cu|mat[22]      ; clk        ; clk      ; None                        ; None                      ; 13.100 ns               ;
; N/A                                     ; 72.42 MHz ( period = 13.808 ns )                    ; ControlUnit2:cu|mat[37] ; ControlUnit2:cu|mat[18]      ; clk        ; clk      ; None                        ; None                      ; 13.099 ns               ;
; N/A                                     ; 72.42 MHz ( period = 13.808 ns )                    ; ControlUnit2:cu|mat[37] ; ControlUnit2:cu|mat[19]      ; clk        ; clk      ; None                        ; None                      ; 13.099 ns               ;
; N/A                                     ; 72.45 MHz ( period = 13.803 ns )                    ; ControlUnit2:cu|mat[52] ; ControlUnit2:cu|mat[36]      ; clk        ; clk      ; None                        ; None                      ; 13.094 ns               ;
; N/A                                     ; 72.45 MHz ( period = 13.803 ns )                    ; ControlUnit2:cu|mat[52] ; ControlUnit2:cu|mat[37]      ; clk        ; clk      ; None                        ; None                      ; 13.094 ns               ;
; N/A                                     ; 72.48 MHz ( period = 13.796 ns )                    ; ControlUnit2:cu|mat[20] ; ControlUnit2:cu|mat[50]      ; clk        ; clk      ; None                        ; None                      ; 13.087 ns               ;
; N/A                                     ; 72.48 MHz ( period = 13.796 ns )                    ; ControlUnit2:cu|mat[20] ; ControlUnit2:cu|mat[51]      ; clk        ; clk      ; None                        ; None                      ; 13.087 ns               ;
; N/A                                     ; 72.50 MHz ( period = 13.793 ns )                    ; ControlUnit2:cu|mat[22] ; ControlUnit2:cu|mat[17]      ; clk        ; clk      ; None                        ; None                      ; 13.084 ns               ;
; N/A                                     ; 72.50 MHz ( period = 13.793 ns )                    ; ControlUnit2:cu|mat[22] ; ControlUnit2:cu|mat[16]      ; clk        ; clk      ; None                        ; None                      ; 13.084 ns               ;
; N/A                                     ; 72.58 MHz ( period = 13.778 ns )                    ; ControlUnit2:cu|mat[22] ; ControlUnit2:cu|mat[18]      ; clk        ; clk      ; None                        ; None                      ; 13.069 ns               ;
; N/A                                     ; 72.58 MHz ( period = 13.778 ns )                    ; ControlUnit2:cu|mat[22] ; ControlUnit2:cu|mat[19]      ; clk        ; clk      ; None                        ; None                      ; 13.069 ns               ;
; N/A                                     ; 72.58 MHz ( period = 13.778 ns )                    ; key:bl|scan_key.00100   ; ControlUnit2:cu|keyboard2[7] ; clk        ; clk      ; None                        ; None                      ; 13.069 ns               ;
; N/A                                     ; 72.58 MHz ( period = 13.778 ns )                    ; key:bl|scan_key.00100   ; ControlUnit2:cu|keyboard2[4] ; clk        ; clk      ; None                        ; None                      ; 13.069 ns               ;
; N/A                                     ; 72.63 MHz ( period = 13.769 ns )                    ; ControlUnit2:cu|mat[18] ; ControlUnit2:cu|mat[50]      ; clk        ; clk      ; None                        ; None                      ; 13.060 ns               ;
; N/A                                     ; 72.63 MHz ( period = 13.769 ns )                    ; ControlUnit2:cu|mat[18] ; ControlUnit2:cu|mat[51]      ; clk        ; clk      ; None                        ; None                      ; 13.060 ns               ;
; N/A                                     ; 72.63 MHz ( period = 13.768 ns )                    ; dotmat:blok|Q[13]       ; dotmat:blok|col[6]           ; clk        ; clk      ; None                        ; None                      ; 13.059 ns               ;
; N/A                                     ; 72.69 MHz ( period = 13.757 ns )                    ; ControlUnit2:cu|mat[52] ; ControlUnit2:cu|mat[6]       ; clk        ; clk      ; None                        ; None                      ; 13.048 ns               ;
; N/A                                     ; 72.69 MHz ( period = 13.757 ns )                    ; ControlUnit2:cu|mat[52] ; ControlUnit2:cu|mat[7]       ; clk        ; clk      ; None                        ; None                      ; 13.048 ns               ;
; N/A                                     ; 72.70 MHz ( period = 13.756 ns )                    ; ControlUnit2:cu|mat[55] ; ControlUnit2:cu|mat[9]       ; clk        ; clk      ; None                        ; None                      ; 13.047 ns               ;
; N/A                                     ; 72.70 MHz ( period = 13.756 ns )                    ; ControlUnit2:cu|mat[55] ; ControlUnit2:cu|mat[8]       ; clk        ; clk      ; None                        ; None                      ; 13.047 ns               ;
; N/A                                     ; 72.74 MHz ( period = 13.747 ns )                    ; ControlUnit2:cu|mat[51] ; ControlUnit2:cu|mat[38]      ; clk        ; clk      ; None                        ; None                      ; 13.038 ns               ;
; N/A                                     ; 72.74 MHz ( period = 13.747 ns )                    ; ControlUnit2:cu|mat[51] ; ControlUnit2:cu|mat[39]      ; clk        ; clk      ; None                        ; None                      ; 13.038 ns               ;
; N/A                                     ; 72.75 MHz ( period = 13.746 ns )                    ; ControlUnit2:cu|mat[6]  ; ControlUnit2:cu|mat[4]       ; clk        ; clk      ; None                        ; None                      ; 13.037 ns               ;
; N/A                                     ; 72.75 MHz ( period = 13.746 ns )                    ; ControlUnit2:cu|mat[6]  ; ControlUnit2:cu|mat[5]       ; clk        ; clk      ; None                        ; None                      ; 13.037 ns               ;
; N/A                                     ; 72.75 MHz ( period = 13.745 ns )                    ; ControlUnit2:cu|mat[53] ; ControlUnit2:cu|mat[34]      ; clk        ; clk      ; None                        ; None                      ; 13.036 ns               ;
; N/A                                     ; 72.75 MHz ( period = 13.745 ns )                    ; ControlUnit2:cu|mat[53] ; ControlUnit2:cu|mat[35]      ; clk        ; clk      ; None                        ; None                      ; 13.036 ns               ;
; N/A                                     ; 72.85 MHz ( period = 13.727 ns )                    ; ControlUnit2:cu|mat[53] ; ControlUnit2:cu|mat[32]      ; clk        ; clk      ; None                        ; None                      ; 13.018 ns               ;
; N/A                                     ; 72.85 MHz ( period = 13.727 ns )                    ; ControlUnit2:cu|mat[53] ; ControlUnit2:cu|mat[33]      ; clk        ; clk      ; None                        ; None                      ; 13.018 ns               ;
; N/A                                     ; 72.87 MHz ( period = 13.724 ns )                    ; ControlUnit2:cu|mat[16] ; ControlUnit2:cu|mat[17]      ; clk        ; clk      ; None                        ; None                      ; 13.015 ns               ;
; N/A                                     ; 72.87 MHz ( period = 13.724 ns )                    ; ControlUnit2:cu|mat[16] ; ControlUnit2:cu|mat[16]      ; clk        ; clk      ; None                        ; None                      ; 13.015 ns               ;
; N/A                                     ; 72.90 MHz ( period = 13.717 ns )                    ; ControlUnit2:cu|mat[35] ; ControlUnit2:cu|mat[18]      ; clk        ; clk      ; None                        ; None                      ; 13.008 ns               ;
; N/A                                     ; 72.90 MHz ( period = 13.717 ns )                    ; ControlUnit2:cu|mat[35] ; ControlUnit2:cu|mat[19]      ; clk        ; clk      ; None                        ; None                      ; 13.008 ns               ;
; N/A                                     ; 72.91 MHz ( period = 13.716 ns )                    ; ControlUnit2:cu|mat[54] ; ControlUnit2:cu|mat[4]       ; clk        ; clk      ; None                        ; None                      ; 13.007 ns               ;
; N/A                                     ; 72.91 MHz ( period = 13.716 ns )                    ; ControlUnit2:cu|mat[54] ; ControlUnit2:cu|mat[5]       ; clk        ; clk      ; None                        ; None                      ; 13.007 ns               ;
; N/A                                     ; 72.91 MHz ( period = 13.715 ns )                    ; ControlUnit2:cu|mat[8]  ; ControlUnit2:cu|mat[6]       ; clk        ; clk      ; None                        ; None                      ; 13.006 ns               ;
; N/A                                     ; 72.91 MHz ( period = 13.715 ns )                    ; ControlUnit2:cu|mat[8]  ; ControlUnit2:cu|mat[7]       ; clk        ; clk      ; None                        ; None                      ; 13.006 ns               ;
; N/A                                     ; 72.93 MHz ( period = 13.711 ns )                    ; ControlUnit2:cu|mat[8]  ; ControlUnit2:cu|mat[17]      ; clk        ; clk      ; None                        ; None                      ; 13.002 ns               ;
; N/A                                     ; 72.93 MHz ( period = 13.711 ns )                    ; ControlUnit2:cu|mat[8]  ; ControlUnit2:cu|mat[16]      ; clk        ; clk      ; None                        ; None                      ; 13.002 ns               ;
; N/A                                     ; 72.94 MHz ( period = 13.709 ns )                    ; ControlUnit2:cu|mat[16] ; ControlUnit2:cu|mat[18]      ; clk        ; clk      ; None                        ; None                      ; 13.000 ns               ;
; N/A                                     ; 72.94 MHz ( period = 13.709 ns )                    ; ControlUnit2:cu|mat[16] ; ControlUnit2:cu|mat[19]      ; clk        ; clk      ; None                        ; None                      ; 13.000 ns               ;
; N/A                                     ; 72.94 MHz ( period = 13.709 ns )                    ; ControlUnit2:cu|mat[36] ; ControlUnit2:cu|mat[4]       ; clk        ; clk      ; None                        ; None                      ; 13.000 ns               ;
; N/A                                     ; 72.94 MHz ( period = 13.709 ns )                    ; ControlUnit2:cu|mat[36] ; ControlUnit2:cu|mat[5]       ; clk        ; clk      ; None                        ; None                      ; 13.000 ns               ;
; N/A                                     ; 72.98 MHz ( period = 13.703 ns )                    ; ControlUnit2:cu|mat[39] ; ControlUnit2:cu|mat[6]       ; clk        ; clk      ; None                        ; None                      ; 12.994 ns               ;
; N/A                                     ; 72.98 MHz ( period = 13.703 ns )                    ; ControlUnit2:cu|mat[39] ; ControlUnit2:cu|mat[7]       ; clk        ; clk      ; None                        ; None                      ; 12.994 ns               ;
; N/A                                     ; 72.99 MHz ( period = 13.701 ns )                    ; ControlUnit2:cu|mat[55] ; ControlUnit2:cu|mat[20]      ; clk        ; clk      ; None                        ; None                      ; 12.992 ns               ;
; N/A                                     ; 72.99 MHz ( period = 13.701 ns )                    ; ControlUnit2:cu|mat[55] ; ControlUnit2:cu|mat[21]      ; clk        ; clk      ; None                        ; None                      ; 12.992 ns               ;
; N/A                                     ; 73.00 MHz ( period = 13.699 ns )                    ; ControlUnit2:cu|mat[39] ; ControlUnit2:cu|mat[17]      ; clk        ; clk      ; None                        ; None                      ; 12.990 ns               ;
; N/A                                     ; 73.00 MHz ( period = 13.699 ns )                    ; ControlUnit2:cu|mat[39] ; ControlUnit2:cu|mat[16]      ; clk        ; clk      ; None                        ; None                      ; 12.990 ns               ;
; N/A                                     ; 73.02 MHz ( period = 13.695 ns )                    ; ControlUnit2:cu|mat[6]  ; ControlUnit2:cu|keyboard2[7] ; clk        ; clk      ; None                        ; None                      ; 12.986 ns               ;
; N/A                                     ; 73.02 MHz ( period = 13.695 ns )                    ; ControlUnit2:cu|mat[6]  ; ControlUnit2:cu|keyboard2[4] ; clk        ; clk      ; None                        ; None                      ; 12.986 ns               ;
; N/A                                     ; 73.02 MHz ( period = 13.694 ns )                    ; ControlUnit2:cu|mat[52] ; ControlUnit2:cu|mat[23]      ; clk        ; clk      ; None                        ; None                      ; 12.985 ns               ;
; N/A                                     ; 73.02 MHz ( period = 13.694 ns )                    ; ControlUnit2:cu|mat[52] ; ControlUnit2:cu|mat[22]      ; clk        ; clk      ; None                        ; None                      ; 12.985 ns               ;
; N/A                                     ; 73.05 MHz ( period = 13.689 ns )                    ; key:bl|scan_key.00111   ; ControlUnit2:cu|mat[18]      ; clk        ; clk      ; None                        ; None                      ; 12.980 ns               ;
; N/A                                     ; 73.05 MHz ( period = 13.689 ns )                    ; key:bl|scan_key.00111   ; ControlUnit2:cu|mat[19]      ; clk        ; clk      ; None                        ; None                      ; 12.980 ns               ;
; N/A                                     ; 73.10 MHz ( period = 13.680 ns )                    ; ControlUnit2:cu|mat[49] ; ControlUnit2:cu|mat[6]       ; clk        ; clk      ; None                        ; None                      ; 12.971 ns               ;
; N/A                                     ; 73.10 MHz ( period = 13.680 ns )                    ; ControlUnit2:cu|mat[49] ; ControlUnit2:cu|mat[7]       ; clk        ; clk      ; None                        ; None                      ; 12.971 ns               ;
; N/A                                     ; 73.11 MHz ( period = 13.678 ns )                    ; key:bl|scan_key.00001   ; ControlUnit2:cu|mat[36]      ; clk        ; clk      ; None                        ; None                      ; 12.969 ns               ;
; N/A                                     ; 73.11 MHz ( period = 13.678 ns )                    ; key:bl|scan_key.00001   ; ControlUnit2:cu|mat[37]      ; clk        ; clk      ; None                        ; None                      ; 12.969 ns               ;
; N/A                                     ; 73.12 MHz ( period = 13.676 ns )                    ; ControlUnit2:cu|mat[49] ; ControlUnit2:cu|mat[17]      ; clk        ; clk      ; None                        ; None                      ; 12.967 ns               ;
; N/A                                     ; 73.12 MHz ( period = 13.676 ns )                    ; ControlUnit2:cu|mat[49] ; ControlUnit2:cu|mat[16]      ; clk        ; clk      ; None                        ; None                      ; 12.967 ns               ;
; N/A                                     ; 73.14 MHz ( period = 13.673 ns )                    ; ControlUnit2:cu|mat[20] ; ControlUnit2:cu|mat[4]       ; clk        ; clk      ; None                        ; None                      ; 12.964 ns               ;
; N/A                                     ; 73.14 MHz ( period = 13.673 ns )                    ; ControlUnit2:cu|mat[20] ; ControlUnit2:cu|mat[5]       ; clk        ; clk      ; None                        ; None                      ; 12.964 ns               ;
; Timing analysis restricted to 200 rows. ; To change the limit use Settings (Assignments menu) ;                         ;                              ;            ;          ;                             ;                           ;                         ;
+-----------------------------------------+-----------------------------------------------------+-------------------------+------------------------------+------------+----------+-----------------------------+---------------------------+-------------------------+


+-------------------------------------------------------------------------------------------------------------------------------------------------------------------------------------------------+
; Clock Hold: 'clk'                                                                                                                                                                               ;
+------------------------------------------+----------------------+------------------+------------+----------+----------------------------+----------------------------+--------------------------+
; Minimum Slack                            ; From                 ; To               ; From Clock ; To Clock ; Required Hold Relationship ; Required Shortest P2P Time ; Actual Shortest P2P Time ;
+------------------------------------------+----------------------+------------------+------------+----------+----------------------------+----------------------------+--------------------------+
; Not operational: Clock Skew > Data Delay ; ControlUnit2:cu|beep ; dotmat:blok|beep ; clk        ; clk      ; None                       ; None                       ; 1.769 ns                 ;
+------------------------------------------+----------------------+------------------+------------+----------+----------------------------+----------------------------+--------------------------+


+--------------------------------------------------------------------------------+
; tsu                                                                            ;
+-------+--------------+------------+---------+-----------------------+----------+
; Slack ; Required tsu ; Actual tsu ; From    ; To                    ; To Clock ;
+-------+--------------+------------+---------+-----------------------+----------+
; N/A   ; None         ; 6.127 ns   ; ckey[3] ; key:bl|scan_key.01111 ; clk      ;
; N/A   ; None         ; 6.085 ns   ; ckey[0] ; key:bl|scan_key.01111 ; clk      ;
; N/A   ; None         ; 6.008 ns   ; ckey[2] ; key:bl|scan_key.01111 ; clk      ;
; N/A   ; None         ; 5.986 ns   ; ckey[3] ; key:bl|scan_key.01011 ; clk      ;
; N/A   ; None         ; 5.986 ns   ; ckey[3] ; key:bl|scan_key.01010 ; clk      ;
; N/A   ; None         ; 5.986 ns   ; ckey[3] ; key:bl|scan_key.01001 ; clk      ;
; N/A   ; None         ; 5.962 ns   ; ckey[3] ; key:bl|scan_key.00100 ; clk      ;
; N/A   ; None         ; 5.962 ns   ; ckey[3] ; key:bl|scan_key.00101 ; clk      ;
; N/A   ; None         ; 5.962 ns   ; ckey[3] ; key:bl|scan_key.00111 ; clk      ;
; N/A   ; None         ; 5.962 ns   ; ckey[3] ; key:bl|scan_key.00110 ; clk      ;
; N/A   ; None         ; 5.943 ns   ; ckey[0] ; key:bl|scan_key.01011 ; clk      ;
; N/A   ; None         ; 5.943 ns   ; ckey[0] ; key:bl|scan_key.01010 ; clk      ;
; N/A   ; None         ; 5.943 ns   ; ckey[0] ; key:bl|scan_key.01001 ; clk      ;
; N/A   ; None         ; 5.920 ns   ; ckey[0] ; key:bl|scan_key.00100 ; clk      ;
; N/A   ; None         ; 5.920 ns   ; ckey[0] ; key:bl|scan_key.00101 ; clk      ;
; N/A   ; None         ; 5.920 ns   ; ckey[0] ; key:bl|scan_key.00111 ; clk      ;
; N/A   ; None         ; 5.920 ns   ; ckey[0] ; key:bl|scan_key.00110 ; clk      ;
; N/A   ; None         ; 5.860 ns   ; ckey[2] ; key:bl|scan_key.01011 ; clk      ;
; N/A   ; None         ; 5.860 ns   ; ckey[2] ; key:bl|scan_key.01010 ; clk      ;
; N/A   ; None         ; 5.860 ns   ; ckey[2] ; key:bl|scan_key.01001 ; clk      ;
; N/A   ; None         ; 5.848 ns   ; ckey[1] ; key:bl|scan_key.01111 ; clk      ;
; N/A   ; None         ; 5.843 ns   ; ckey[2] ; key:bl|scan_key.00100 ; clk      ;
; N/A   ; None         ; 5.843 ns   ; ckey[2] ; key:bl|scan_key.00101 ; clk      ;
; N/A   ; None         ; 5.843 ns   ; ckey[2] ; key:bl|scan_key.00111 ; clk      ;
; N/A   ; None         ; 5.843 ns   ; ckey[2] ; key:bl|scan_key.00110 ; clk      ;
; N/A   ; None         ; 5.706 ns   ; ckey[1] ; key:bl|scan_key.01011 ; clk      ;
; N/A   ; None         ; 5.706 ns   ; ckey[1] ; key:bl|scan_key.01010 ; clk      ;
; N/A   ; None         ; 5.706 ns   ; ckey[1] ; key:bl|scan_key.01001 ; clk      ;
; N/A   ; None         ; 5.683 ns   ; ckey[1] ; key:bl|scan_key.00100 ; clk      ;
; N/A   ; None         ; 5.683 ns   ; ckey[1] ; key:bl|scan_key.00101 ; clk      ;
; N/A   ; None         ; 5.683 ns   ; ckey[1] ; key:bl|scan_key.00111 ; clk      ;
; N/A   ; None         ; 5.683 ns   ; ckey[1] ; key:bl|scan_key.00110 ; clk      ;
; N/A   ; None         ; 5.638 ns   ; ckey[3] ; key:bl|scan_key.01110 ; clk      ;
; N/A   ; None         ; 5.638 ns   ; ckey[3] ; key:bl|scan_key.01100 ; clk      ;
; N/A   ; None         ; 5.596 ns   ; ckey[0] ; key:bl|scan_key.01110 ; clk      ;
; N/A   ; None         ; 5.596 ns   ; ckey[0] ; key:bl|scan_key.01100 ; clk      ;
; N/A   ; None         ; 5.519 ns   ; ckey[2] ; key:bl|scan_key.01110 ; clk      ;
; N/A   ; None         ; 5.519 ns   ; ckey[2] ; key:bl|scan_key.01100 ; clk      ;
; N/A   ; None         ; 5.359 ns   ; ckey[1] ; key:bl|scan_key.01110 ; clk      ;
; N/A   ; None         ; 5.359 ns   ; ckey[1] ; key:bl|scan_key.01100 ; clk      ;
; N/A   ; None         ; 4.835 ns   ; ckey[3] ; key:bl|scan_key.00010 ; clk      ;
; N/A   ; None         ; 4.835 ns   ; ckey[3] ; key:bl|scan_key.00011 ; clk      ;
; N/A   ; None         ; 4.835 ns   ; ckey[3] ; key:bl|scan_key.00001 ; clk      ;
; N/A   ; None         ; 4.835 ns   ; ckey[3] ; key:bl|scan_key.00000 ; clk      ;
; N/A   ; None         ; 4.793 ns   ; ckey[0] ; key:bl|scan_key.00010 ; clk      ;
; N/A   ; None         ; 4.793 ns   ; ckey[0] ; key:bl|scan_key.00011 ; clk      ;
; N/A   ; None         ; 4.793 ns   ; ckey[0] ; key:bl|scan_key.00001 ; clk      ;
; N/A   ; None         ; 4.793 ns   ; ckey[0] ; key:bl|scan_key.00000 ; clk      ;
; N/A   ; None         ; 4.716 ns   ; ckey[2] ; key:bl|scan_key.00010 ; clk      ;
; N/A   ; None         ; 4.716 ns   ; ckey[2] ; key:bl|scan_key.00011 ; clk      ;
; N/A   ; None         ; 4.716 ns   ; ckey[2] ; key:bl|scan_key.00001 ; clk      ;
; N/A   ; None         ; 4.716 ns   ; ckey[2] ; key:bl|scan_key.00000 ; clk      ;
; N/A   ; None         ; 4.556 ns   ; ckey[1] ; key:bl|scan_key.00010 ; clk      ;
; N/A   ; None         ; 4.556 ns   ; ckey[1] ; key:bl|scan_key.00011 ; clk      ;
; N/A   ; None         ; 4.556 ns   ; ckey[1] ; key:bl|scan_key.00001 ; clk      ;
; N/A   ; None         ; 4.556 ns   ; ckey[1] ; key:bl|scan_key.00000 ; clk      ;
; N/A   ; None         ; 4.514 ns   ; ckey[3] ; key:bl|scan_key.01101 ; clk      ;
; N/A   ; None         ; 4.472 ns   ; ckey[0] ; key:bl|scan_key.01101 ; clk      ;
; N/A   ; None         ; 4.395 ns   ; ckey[2] ; key:bl|scan_key.01101 ; clk      ;
; N/A   ; None         ; 4.235 ns   ; ckey[1] ; key:bl|scan_key.01101 ; clk      ;
; N/A   ; None         ; 3.525 ns   ; ckey[3] ; key:bl|scan_key.10000 ; clk      ;
; N/A   ; None         ; 3.482 ns   ; ckey[0] ; key:bl|scan_key.10000 ; clk      ;
; N/A   ; None         ; 3.399 ns   ; ckey[2] ; key:bl|scan_key.10000 ; clk      ;
; N/A   ; None         ; 3.245 ns   ; ckey[1] ; key:bl|scan_key.10000 ; clk      ;
+-------+--------------+------------+---------+-----------------------+----------+


+----------------------------------------------------------------------------------------+
; tco                                                                                    ;
+-------+--------------+------------+---------------------------+-----------+------------+
; Slack ; Required tco ; Actual tco ; From                      ; To        ; From Clock ;
+-------+--------------+------------+---------------------------+-----------+------------+
; N/A   ; None         ; 16.043 ns  ; ControlUnit2:cu|mat[52]   ; w2[0]     ; clk        ;
; N/A   ; None         ; 16.043 ns  ; ControlUnit2:cu|mat[52]   ; winner[0] ; clk        ;
; N/A   ; None         ; 15.839 ns  ; ControlUnit2:cu|mat[48]   ; w2[0]     ; clk        ;
; N/A   ; None         ; 15.839 ns  ; ControlUnit2:cu|mat[48]   ; winner[0] ; clk        ;
; N/A   ; None         ; 15.756 ns  ; ControlUnit2:cu|mat[55]   ; winner[1] ; clk        ;
; N/A   ; None         ; 15.665 ns  ; ControlUnit2:cu|mat[53]   ; winner[1] ; clk        ;
; N/A   ; None         ; 15.647 ns  ; ControlUnit2:cu|mat[6]    ; w2[0]     ; clk        ;
; N/A   ; None         ; 15.647 ns  ; ControlUnit2:cu|mat[6]    ; winner[0] ; clk        ;
; N/A   ; None         ; 15.617 ns  ; ControlUnit2:cu|mat[54]   ; w2[0]     ; clk        ;
; N/A   ; None         ; 15.617 ns  ; ControlUnit2:cu|mat[54]   ; winner[0] ; clk        ;
; N/A   ; None         ; 15.610 ns  ; ControlUnit2:cu|mat[36]   ; w2[0]     ; clk        ;
; N/A   ; None         ; 15.610 ns  ; ControlUnit2:cu|mat[36]   ; winner[0] ; clk        ;
; N/A   ; None         ; 15.574 ns  ; ControlUnit2:cu|mat[20]   ; w2[0]     ; clk        ;
; N/A   ; None         ; 15.574 ns  ; ControlUnit2:cu|mat[20]   ; winner[0] ; clk        ;
; N/A   ; None         ; 15.547 ns  ; ControlUnit2:cu|mat[18]   ; w2[0]     ; clk        ;
; N/A   ; None         ; 15.547 ns  ; ControlUnit2:cu|mat[18]   ; winner[0] ; clk        ;
; N/A   ; None         ; 15.410 ns  ; ControlUnit2:cu|mat[22]   ; w2[0]     ; clk        ;
; N/A   ; None         ; 15.410 ns  ; ControlUnit2:cu|mat[22]   ; winner[0] ; clk        ;
; N/A   ; None         ; 15.341 ns  ; ControlUnit2:cu|mat[16]   ; w2[0]     ; clk        ;
; N/A   ; None         ; 15.341 ns  ; ControlUnit2:cu|mat[16]   ; winner[0] ; clk        ;
; N/A   ; None         ; 15.321 ns  ; ControlUnit2:cu|mat[55]   ; w2[1]     ; clk        ;
; N/A   ; None         ; 15.270 ns  ; ControlUnit2:cu|mat[8]    ; winner[1] ; clk        ;
; N/A   ; None         ; 15.258 ns  ; ControlUnit2:cu|mat[39]   ; winner[1] ; clk        ;
; N/A   ; None         ; 15.235 ns  ; ControlUnit2:cu|mat[49]   ; winner[1] ; clk        ;
; N/A   ; None         ; 15.230 ns  ; ControlUnit2:cu|mat[53]   ; w2[1]     ; clk        ;
; N/A   ; None         ; 15.229 ns  ; ControlUnit2:cu|mat[32]   ; w2[0]     ; clk        ;
; N/A   ; None         ; 15.229 ns  ; ControlUnit2:cu|mat[32]   ; winner[0] ; clk        ;
; N/A   ; None         ; 15.175 ns  ; ControlUnit2:cu|mat[17]   ; winner[1] ; clk        ;
; N/A   ; None         ; 15.165 ns  ; ControlUnit2:cu|mat[9]    ; w2[0]     ; clk        ;
; N/A   ; None         ; 15.165 ns  ; ControlUnit2:cu|mat[9]    ; winner[0] ; clk        ;
; N/A   ; None         ; 15.107 ns  ; ControlUnit2:cu|mat[19]   ; winner[1] ; clk        ;
; N/A   ; None         ; 15.097 ns  ; ControlUnit2:cu|mat[34]   ; w2[0]     ; clk        ;
; N/A   ; None         ; 15.097 ns  ; ControlUnit2:cu|mat[34]   ; winner[0] ; clk        ;
; N/A   ; None         ; 15.043 ns  ; ControlUnit2:cu|mat[51]   ; winner[1] ; clk        ;
; N/A   ; None         ; 14.969 ns  ; ControlUnit2:cu|mat[4]    ; w2[0]     ; clk        ;
; N/A   ; None         ; 14.969 ns  ; ControlUnit2:cu|mat[4]    ; winner[0] ; clk        ;
; N/A   ; None         ; 14.836 ns  ; ControlUnit2:cu|mat[7]    ; winner[1] ; clk        ;
; N/A   ; None         ; 14.835 ns  ; ControlUnit2:cu|mat[8]    ; w2[1]     ; clk        ;
; N/A   ; None         ; 14.824 ns  ; ControlUnit2:cu|mat[23]   ; winner[1] ; clk        ;
; N/A   ; None         ; 14.823 ns  ; ControlUnit2:cu|mat[39]   ; w2[1]     ; clk        ;
; N/A   ; None         ; 14.800 ns  ; ControlUnit2:cu|mat[49]   ; w2[1]     ; clk        ;
; N/A   ; None         ; 14.740 ns  ; ControlUnit2:cu|mat[17]   ; w2[1]     ; clk        ;
; N/A   ; None         ; 14.735 ns  ; ControlUnit2:cu|mat[50]   ; w2[0]     ; clk        ;
; N/A   ; None         ; 14.735 ns  ; ControlUnit2:cu|mat[50]   ; winner[0] ; clk        ;
; N/A   ; None         ; 14.709 ns  ; ControlUnit2:cu|mat[37]   ; winner[1] ; clk        ;
; N/A   ; None         ; 14.687 ns  ; ControlUnit2:cu|mat[38]   ; w2[0]     ; clk        ;
; N/A   ; None         ; 14.687 ns  ; ControlUnit2:cu|mat[38]   ; winner[0] ; clk        ;
; N/A   ; None         ; 14.672 ns  ; ControlUnit2:cu|mat[19]   ; w2[1]     ; clk        ;
; N/A   ; None         ; 14.618 ns  ; ControlUnit2:cu|mat[35]   ; winner[1] ; clk        ;
; N/A   ; None         ; 14.608 ns  ; ControlUnit2:cu|mat[51]   ; w2[1]     ; clk        ;
; N/A   ; None         ; 14.401 ns  ; ControlUnit2:cu|mat[7]    ; w2[1]     ; clk        ;
; N/A   ; None         ; 14.389 ns  ; ControlUnit2:cu|mat[23]   ; w2[1]     ; clk        ;
; N/A   ; None         ; 14.359 ns  ; ControlUnit2:cu|mat[33]   ; winner[1] ; clk        ;
; N/A   ; None         ; 14.350 ns  ; ControlUnit2:cu|mat[21]   ; winner[1] ; clk        ;
; N/A   ; None         ; 14.274 ns  ; ControlUnit2:cu|mat[37]   ; w2[1]     ; clk        ;
; N/A   ; None         ; 14.183 ns  ; ControlUnit2:cu|mat[35]   ; w2[1]     ; clk        ;
; N/A   ; None         ; 13.924 ns  ; ControlUnit2:cu|mat[33]   ; w2[1]     ; clk        ;
; N/A   ; None         ; 13.921 ns  ; ControlUnit2:cu|mat[11]   ; w2[0]     ; clk        ;
; N/A   ; None         ; 13.921 ns  ; ControlUnit2:cu|mat[11]   ; winner[0] ; clk        ;
; N/A   ; None         ; 13.915 ns  ; ControlUnit2:cu|mat[21]   ; w2[1]     ; clk        ;
; N/A   ; None         ; 13.886 ns  ; ControlUnit2:cu|mat[5]    ; winner[1] ; clk        ;
; N/A   ; None         ; 13.668 ns  ; ControlUnit2:cu|mat[10]   ; winner[1] ; clk        ;
; N/A   ; None         ; 13.494 ns  ; dotmat:blok|leds[2]       ; leds[2]   ; clk        ;
; N/A   ; None         ; 13.473 ns  ; dotmat:blok|leds[0]       ; leds[0]   ; clk        ;
; N/A   ; None         ; 13.464 ns  ; dotmat:blok|leds[1]       ; leds[1]   ; clk        ;
; N/A   ; None         ; 13.451 ns  ; ControlUnit2:cu|mat[5]    ; w2[1]     ; clk        ;
; N/A   ; None         ; 13.233 ns  ; ControlUnit2:cu|mat[10]   ; w2[1]     ; clk        ;
; N/A   ; None         ; 12.268 ns  ; dotmat:blok|leds[3]       ; leds[3]   ; clk        ;
; N/A   ; None         ; 12.241 ns  ; dotmat:blok|beep          ; beep      ; clk        ;
; N/A   ; None         ; 10.342 ns  ; dotmat:blok|Q[11]         ; row[7]    ; clk        ;
; N/A   ; None         ; 10.335 ns  ; dotmat:blok|Q[11]         ; row[6]    ; clk        ;
; N/A   ; None         ; 10.190 ns  ; dotmat:blok|Q[13]         ; row[6]    ; clk        ;
; N/A   ; None         ; 10.169 ns  ; dotmat:blok|Q[12]         ; row[3]    ; clk        ;
; N/A   ; None         ; 10.147 ns  ; dotmat:blok|Q[11]         ; row[5]    ; clk        ;
; N/A   ; None         ; 10.016 ns  ; dotmat:blok|Q[13]         ; row[7]    ; clk        ;
; N/A   ; None         ; 10.006 ns  ; dotmat:blok|Q[11]         ; row[2]    ; clk        ;
; N/A   ; None         ; 9.993 ns   ; dotmat:blok|Q[11]         ; row[1]    ; clk        ;
; N/A   ; None         ; 9.976 ns   ; dotmat:blok|Q[12]         ; row[7]    ; clk        ;
; N/A   ; None         ; 9.889 ns   ; dotmat:blok|Q[11]         ; row[4]    ; clk        ;
; N/A   ; None         ; 9.857 ns   ; dotmat:blok|Q[13]         ; row[3]    ; clk        ;
; N/A   ; None         ; 9.855 ns   ; dotmat:blok|Q[13]         ; row[2]    ; clk        ;
; N/A   ; None         ; 9.847 ns   ; dotmat:blok|Q[12]         ; row[6]    ; clk        ;
; N/A   ; None         ; 9.845 ns   ; dotmat:blok|Q[13]         ; row[1]    ; clk        ;
; N/A   ; None         ; 9.827 ns   ; dotmat:blok|Q[11]         ; row[3]    ; clk        ;
; N/A   ; None         ; 9.824 ns   ; dotmat:blok|Q[13]         ; row[5]    ; clk        ;
; N/A   ; None         ; 9.784 ns   ; dotmat:blok|Q[12]         ; row[5]    ; clk        ;
; N/A   ; None         ; 9.739 ns   ; dotmat:blok|Q[13]         ; row[4]    ; clk        ;
; N/A   ; None         ; 9.573 ns   ; dotmat:blok|Q[12]         ; row[0]    ; clk        ;
; N/A   ; None         ; 9.510 ns   ; dotmat:blok|Q[12]         ; row[2]    ; clk        ;
; N/A   ; None         ; 9.501 ns   ; dotmat:blok|Q[12]         ; row[1]    ; clk        ;
; N/A   ; None         ; 9.390 ns   ; dotmat:blok|Q[12]         ; row[4]    ; clk        ;
; N/A   ; None         ; 9.322 ns   ; dotmat:blok|Q[11]         ; row[0]    ; clk        ;
; N/A   ; None         ; 9.271 ns   ; key:bl|row[2]             ; rkey[2]   ; clk        ;
; N/A   ; None         ; 9.270 ns   ; dotmat:blok|Q[13]         ; row[0]    ; clk        ;
; N/A   ; None         ; 8.633 ns   ; dotmat:blok|col[5]        ; col[5]    ; clk        ;
; N/A   ; None         ; 8.461 ns   ; dotmat:blok|col[4]        ; col[4]    ; clk        ;
; N/A   ; None         ; 8.270 ns   ; ControlUnit2:cu|sw_player ; sp[1]     ; clk        ;
; N/A   ; None         ; 8.189 ns   ; dotmat:blok|col[0]        ; col[0]    ; clk        ;
; N/A   ; None         ; 8.112 ns   ; dotmat:blok|col[2]        ; col[2]    ; clk        ;
; N/A   ; None         ; 8.106 ns   ; key:bl|row[3]             ; rkey[3]   ; clk        ;
; N/A   ; None         ; 8.102 ns   ; dotmat:blok|col[6]        ; col[6]    ; clk        ;
; N/A   ; None         ; 8.101 ns   ; dotmat:blok|col[1]        ; col[1]    ; clk        ;
; N/A   ; None         ; 8.080 ns   ; dotmat:blok|col[7]        ; col[7]    ; clk        ;
; N/A   ; None         ; 8.079 ns   ; dotmat:blok|col[3]        ; col[3]    ; clk        ;
; N/A   ; None         ; 6.814 ns   ; key:bl|row[1]             ; rkey[1]   ; clk        ;
; N/A   ; None         ; 6.813 ns   ; key:bl|row[0]             ; rkey[0]   ; clk        ;
+-------+--------------+------------+---------------------------+-----------+------------+


+--------------------------------------------------------------------------------------+
; th                                                                                   ;
+---------------+-------------+-----------+---------+-----------------------+----------+
; Minimum Slack ; Required th ; Actual th ; From    ; To                    ; To Clock ;
+---------------+-------------+-----------+---------+-----------------------+----------+
; N/A           ; None        ; -1.234 ns ; ckey[1] ; key:bl|scan_key.01011 ; clk      ;
; N/A           ; None        ; -1.332 ns ; ckey[2] ; key:bl|scan_key.00011 ; clk      ;
; N/A           ; None        ; -1.347 ns ; ckey[2] ; key:bl|scan_key.01010 ; clk      ;
; N/A           ; None        ; -1.410 ns ; ckey[1] ; key:bl|scan_key.01001 ; clk      ;
; N/A           ; None        ; -1.419 ns ; ckey[1] ; key:bl|scan_key.01010 ; clk      ;
; N/A           ; None        ; -1.455 ns ; ckey[2] ; key:bl|scan_key.01011 ; clk      ;
; N/A           ; None        ; -1.470 ns ; ckey[1] ; key:bl|scan_key.00010 ; clk      ;
; N/A           ; None        ; -1.480 ns ; ckey[1] ; key:bl|scan_key.01101 ; clk      ;
; N/A           ; None        ; -1.560 ns ; ckey[1] ; key:bl|scan_key.01110 ; clk      ;
; N/A           ; None        ; -1.560 ns ; ckey[1] ; key:bl|scan_key.00111 ; clk      ;
; N/A           ; None        ; -1.565 ns ; ckey[1] ; key:bl|scan_key.00101 ; clk      ;
; N/A           ; None        ; -1.569 ns ; ckey[1] ; key:bl|scan_key.00110 ; clk      ;
; N/A           ; None        ; -1.611 ns ; ckey[0] ; key:bl|scan_key.01010 ; clk      ;
; N/A           ; None        ; -1.620 ns ; ckey[0] ; key:bl|scan_key.01011 ; clk      ;
; N/A           ; None        ; -1.621 ns ; ckey[0] ; key:bl|scan_key.01001 ; clk      ;
; N/A           ; None        ; -1.670 ns ; ckey[1] ; key:bl|scan_key.00011 ; clk      ;
; N/A           ; None        ; -1.736 ns ; ckey[2] ; key:bl|scan_key.01110 ; clk      ;
; N/A           ; None        ; -1.736 ns ; ckey[2] ; key:bl|scan_key.00111 ; clk      ;
; N/A           ; None        ; -1.744 ns ; ckey[2] ; key:bl|scan_key.00110 ; clk      ;
; N/A           ; None        ; -1.942 ns ; ckey[1] ; key:bl|scan_key.00001 ; clk      ;
; N/A           ; None        ; -2.391 ns ; ckey[2] ; key:bl|scan_key.00010 ; clk      ;
; N/A           ; None        ; -2.424 ns ; ckey[2] ; key:bl|scan_key.01111 ; clk      ;
; N/A           ; None        ; -2.553 ns ; ckey[1] ; key:bl|scan_key.01111 ; clk      ;
; N/A           ; None        ; -2.627 ns ; ckey[0] ; key:bl|scan_key.00110 ; clk      ;
; N/A           ; None        ; -2.634 ns ; ckey[0] ; key:bl|scan_key.00011 ; clk      ;
; N/A           ; None        ; -2.636 ns ; ckey[0] ; key:bl|scan_key.01100 ; clk      ;
; N/A           ; None        ; -2.638 ns ; ckey[0] ; key:bl|scan_key.00100 ; clk      ;
; N/A           ; None        ; -2.640 ns ; ckey[0] ; key:bl|scan_key.00101 ; clk      ;
; N/A           ; None        ; -2.644 ns ; ckey[0] ; key:bl|scan_key.01110 ; clk      ;
; N/A           ; None        ; -2.647 ns ; ckey[0] ; key:bl|scan_key.00111 ; clk      ;
; N/A           ; None        ; -2.651 ns ; ckey[0] ; key:bl|scan_key.00001 ; clk      ;
; N/A           ; None        ; -2.691 ns ; ckey[1] ; key:bl|scan_key.10000 ; clk      ;
; N/A           ; None        ; -2.714 ns ; ckey[0] ; key:bl|scan_key.01111 ; clk      ;
; N/A           ; None        ; -2.845 ns ; ckey[2] ; key:bl|scan_key.10000 ; clk      ;
; N/A           ; None        ; -2.928 ns ; ckey[0] ; key:bl|scan_key.10000 ; clk      ;
; N/A           ; None        ; -2.971 ns ; ckey[3] ; key:bl|scan_key.10000 ; clk      ;
; N/A           ; None        ; -3.100 ns ; ckey[0] ; key:bl|scan_key.01101 ; clk      ;
; N/A           ; None        ; -3.124 ns ; ckey[0] ; key:bl|scan_key.00010 ; clk      ;
; N/A           ; None        ; -3.126 ns ; ckey[0] ; key:bl|scan_key.00000 ; clk      ;
; N/A           ; None        ; -3.657 ns ; ckey[2] ; key:bl|scan_key.01101 ; clk      ;
; N/A           ; None        ; -3.734 ns ; ckey[1] ; key:bl|scan_key.00000 ; clk      ;
; N/A           ; None        ; -3.783 ns ; ckey[3] ; key:bl|scan_key.01101 ; clk      ;
; N/A           ; None        ; -3.888 ns ; ckey[2] ; key:bl|scan_key.00001 ; clk      ;
; N/A           ; None        ; -3.888 ns ; ckey[2] ; key:bl|scan_key.00000 ; clk      ;
; N/A           ; None        ; -4.014 ns ; ckey[3] ; key:bl|scan_key.00010 ; clk      ;
; N/A           ; None        ; -4.014 ns ; ckey[3] ; key:bl|scan_key.00011 ; clk      ;
; N/A           ; None        ; -4.014 ns ; ckey[3] ; key:bl|scan_key.00001 ; clk      ;
; N/A           ; None        ; -4.014 ns ; ckey[3] ; key:bl|scan_key.00000 ; clk      ;
; N/A           ; None        ; -4.627 ns ; ckey[1] ; key:bl|scan_key.01100 ; clk      ;
; N/A           ; None        ; -4.781 ns ; ckey[2] ; key:bl|scan_key.01100 ; clk      ;
; N/A           ; None        ; -4.850 ns ; ckey[2] ; key:bl|scan_key.01001 ; clk      ;
; N/A           ; None        ; -4.862 ns ; ckey[1] ; key:bl|scan_key.00100 ; clk      ;
; N/A           ; None        ; -4.907 ns ; ckey[3] ; key:bl|scan_key.01110 ; clk      ;
; N/A           ; None        ; -4.907 ns ; ckey[3] ; key:bl|scan_key.01100 ; clk      ;
; N/A           ; None        ; -4.969 ns ; ckey[3] ; key:bl|scan_key.01011 ; clk      ;
; N/A           ; None        ; -4.969 ns ; ckey[3] ; key:bl|scan_key.01010 ; clk      ;
; N/A           ; None        ; -4.969 ns ; ckey[3] ; key:bl|scan_key.01001 ; clk      ;
; N/A           ; None        ; -5.016 ns ; ckey[2] ; key:bl|scan_key.00100 ; clk      ;
; N/A           ; None        ; -5.016 ns ; ckey[2] ; key:bl|scan_key.00101 ; clk      ;
; N/A           ; None        ; -5.142 ns ; ckey[3] ; key:bl|scan_key.00100 ; clk      ;
; N/A           ; None        ; -5.142 ns ; ckey[3] ; key:bl|scan_key.00101 ; clk      ;
; N/A           ; None        ; -5.142 ns ; ckey[3] ; key:bl|scan_key.00111 ; clk      ;
; N/A           ; None        ; -5.142 ns ; ckey[3] ; key:bl|scan_key.00110 ; clk      ;
; N/A           ; None        ; -5.396 ns ; ckey[3] ; key:bl|scan_key.01111 ; clk      ;
+---------------+-------------+-----------+---------+-----------------------+----------+


+--------------------------+
; Timing Analyzer Messages ;
+--------------------------+
Info: *******************************************************************
Info: Running Quartus II Classic Timing Analyzer
    Info: Version 9.0 Build 235 06/17/2009 Service Pack 2 SJ Web Edition
    Info: Processing started: Sat Dec 14 11:49:57 2019
Info: Command: quartus_tan --read_settings_files=off --write_settings_files=off Dooz -c Dooz
Info: Parallel compilation is enabled and will use 2 of the 2 processors detected
Info: Started post-fitting delay annotation
Info: Delay annotation completed successfully
Warning: Found pins functioning as undefined clocks and/or memory enables
    Info: Assuming node "clk" is an undefined clock
Warning: Found 1 node(s) in clock paths which may be acting as ripple and/or gated clocks -- node(s) analyzed as buffer(s) resulting in clock skew
    Info: Detected ripple clock "dotmat:blok|Q[13]" as buffer
Info: Clock "clk" has Internal fmax of 67.32 MHz between source register "ControlUnit2:cu|mat[55]" and destination register "ControlUnit2:cu|mat[18]" (period= 14.855 ns)
    Info: + Longest register to register delay is 14.146 ns
        Info: 1: + IC(0.000 ns) + CELL(0.000 ns) = 0.000 ns; Loc. = LC_X3_Y3_N9; Fanout = 4; REG Node = 'ControlUnit2:cu|mat[55]'
        Info: 2: + IC(2.727 ns) + CELL(0.740 ns) = 3.467 ns; Loc. = LC_X5_Y1_N6; Fanout = 1; COMB Node = 'ControlUnit2:cu|winner~98'
        Info: 3: + IC(0.705 ns) + CELL(0.914 ns) = 5.086 ns; Loc. = LC_X5_Y1_N2; Fanout = 1; COMB Node = 'ControlUnit2:cu|winner[1]~100'
        Info: 4: + IC(1.928 ns) + CELL(0.200 ns) = 7.214 ns; Loc. = LC_X6_Y3_N6; Fanout = 7; COMB Node = 'ControlUnit2:cu|winner[1]~103'
        Info: 5: + IC(0.771 ns) + CELL(0.511 ns) = 8.496 ns; Loc. = LC_X6_Y3_N1; Fanout = 7; COMB Node = 'ControlUnit2:cu|Decoder0~5'
        Info: 6: + IC(0.305 ns) + CELL(0.200 ns) = 9.001 ns; Loc. = LC_X6_Y3_N2; Fanout = 3; COMB Node = 'ControlUnit2:cu|Decoder0~35'
        Info: 7: + IC(1.880 ns) + CELL(0.200 ns) = 11.081 ns; Loc. = LC_X6_Y1_N4; Fanout = 2; COMB Node = 'ControlUnit2:cu|Decoder0~16'
        Info: 8: + IC(1.822 ns) + CELL(1.243 ns) = 14.146 ns; Loc. = LC_X5_Y2_N1; Fanout = 4; REG Node = 'ControlUnit2:cu|mat[18]'
        Info: Total cell delay = 4.008 ns ( 28.33 % )
        Info: Total interconnect delay = 10.138 ns ( 71.67 % )
    Info: - Smallest clock skew is 0.000 ns
        Info: + Shortest clock path from clock "clk" to destination register is 3.348 ns
            Info: 1: + IC(0.000 ns) + CELL(1.163 ns) = 1.163 ns; Loc. = PIN_12; Fanout = 100; CLK Node = 'clk'
            Info: 2: + IC(1.267 ns) + CELL(0.918 ns) = 3.348 ns; Loc. = LC_X5_Y2_N1; Fanout = 4; REG Node = 'ControlUnit2:cu|mat[18]'
            Info: Total cell delay = 2.081 ns ( 62.16 % )
            Info: Total interconnect delay = 1.267 ns ( 37.84 % )
        Info: - Longest clock path from clock "clk" to source register is 3.348 ns
            Info: 1: + IC(0.000 ns) + CELL(1.163 ns) = 1.163 ns; Loc. = PIN_12; Fanout = 100; CLK Node = 'clk'
            Info: 2: + IC(1.267 ns) + CELL(0.918 ns) = 3.348 ns; Loc. = LC_X3_Y3_N9; Fanout = 4; REG Node = 'ControlUnit2:cu|mat[55]'
            Info: Total cell delay = 2.081 ns ( 62.16 % )
            Info: Total interconnect delay = 1.267 ns ( 37.84 % )
    Info: + Micro clock to output delay of source is 0.376 ns
    Info: + Micro setup delay of destination is 0.333 ns
Warning: Circuit may not operate. Detected 1 non-operational path(s) clocked by clock "clk" with clock skew larger than data delay. See Compilation Report for details.
Info: Found hold time violation between source  pin or register "ControlUnit2:cu|beep" and destination pin or register "dotmat:blok|beep" for clock "clk" (Hold time is 3.459 ns)
    Info: + Largest clock skew is 5.383 ns
        Info: + Longest clock path from clock "clk" to destination register is 8.731 ns
            Info: 1: + IC(0.000 ns) + CELL(1.163 ns) = 1.163 ns; Loc. = PIN_12; Fanout = 100; CLK Node = 'clk'
            Info: 2: + IC(1.267 ns) + CELL(1.294 ns) = 3.724 ns; Loc. = LC_X4_Y4_N6; Fanout = 31; REG Node = 'dotmat:blok|Q[13]'
            Info: 3: + IC(4.089 ns) + CELL(0.918 ns) = 8.731 ns; Loc. = LC_X2_Y2_N3; Fanout = 2; REG Node = 'dotmat:blok|beep'
            Info: Total cell delay = 3.375 ns ( 38.66 % )
            Info: Total interconnect delay = 5.356 ns ( 61.34 % )
        Info: - Shortest clock path from clock "clk" to source register is 3.348 ns
            Info: 1: + IC(0.000 ns) + CELL(1.163 ns) = 1.163 ns; Loc. = PIN_12; Fanout = 100; CLK Node = 'clk'
            Info: 2: + IC(1.267 ns) + CELL(0.918 ns) = 3.348 ns; Loc. = LC_X2_Y2_N7; Fanout = 2; REG Node = 'ControlUnit2:cu|beep'
            Info: Total cell delay = 2.081 ns ( 62.16 % )
            Info: Total interconnect delay = 1.267 ns ( 37.84 % )
    Info: - Micro clock to output delay of source is 0.376 ns
    Info: - Shortest register to register delay is 1.769 ns
        Info: 1: + IC(0.000 ns) + CELL(0.000 ns) = 0.000 ns; Loc. = LC_X2_Y2_N7; Fanout = 2; REG Node = 'ControlUnit2:cu|beep'
        Info: 2: + IC(0.965 ns) + CELL(0.804 ns) = 1.769 ns; Loc. = LC_X2_Y2_N3; Fanout = 2; REG Node = 'dotmat:blok|beep'
        Info: Total cell delay = 0.804 ns ( 45.45 % )
        Info: Total interconnect delay = 0.965 ns ( 54.55 % )
    Info: + Micro hold delay of destination is 0.221 ns
Info: tsu for register "key:bl|scan_key.01111" (data pin = "ckey[3]", clock pin = "clk") is 6.127 ns
    Info: + Longest pin to register delay is 9.142 ns
        Info: 1: + IC(0.000 ns) + CELL(1.132 ns) = 1.132 ns; Loc. = PIN_75; Fanout = 2; PIN Node = 'ckey[3]'
        Info: 2: + IC(2.285 ns) + CELL(0.740 ns) = 4.157 ns; Loc. = LC_X7_Y3_N2; Fanout = 4; COMB Node = 'key:bl|Mux19~4'
        Info: 3: + IC(0.720 ns) + CELL(0.740 ns) = 5.617 ns; Loc. = LC_X7_Y3_N9; Fanout = 4; COMB Node = 'key:bl|Mux31~2'
        Info: 4: + IC(2.282 ns) + CELL(1.243 ns) = 9.142 ns; Loc. = LC_X2_Y4_N2; Fanout = 5; REG Node = 'key:bl|scan_key.01111'
        Info: Total cell delay = 3.855 ns ( 42.17 % )
        Info: Total interconnect delay = 5.287 ns ( 57.83 % )
    Info: + Micro setup delay of destination is 0.333 ns
    Info: - Shortest clock path from clock "clk" to destination register is 3.348 ns
        Info: 1: + IC(0.000 ns) + CELL(1.163 ns) = 1.163 ns; Loc. = PIN_12; Fanout = 100; CLK Node = 'clk'
        Info: 2: + IC(1.267 ns) + CELL(0.918 ns) = 3.348 ns; Loc. = LC_X2_Y4_N2; Fanout = 5; REG Node = 'key:bl|scan_key.01111'
        Info: Total cell delay = 2.081 ns ( 62.16 % )
        Info: Total interconnect delay = 1.267 ns ( 37.84 % )
Info: tco from clock "clk" to destination pin "w2[0]" through register "ControlUnit2:cu|mat[52]" is 16.043 ns
    Info: + Longest clock path from clock "clk" to source register is 3.348 ns
        Info: 1: + IC(0.000 ns) + CELL(1.163 ns) = 1.163 ns; Loc. = PIN_12; Fanout = 100; CLK Node = 'clk'
        Info: 2: + IC(1.267 ns) + CELL(0.918 ns) = 3.348 ns; Loc. = LC_X2_Y3_N3; Fanout = 3; REG Node = 'ControlUnit2:cu|mat[52]'
        Info: Total cell delay = 2.081 ns ( 62.16 % )
        Info: Total interconnect delay = 1.267 ns ( 37.84 % )
    Info: + Micro clock to output delay of source is 0.376 ns
    Info: + Longest register to pin delay is 12.319 ns
        Info: 1: + IC(0.000 ns) + CELL(0.000 ns) = 0.000 ns; Loc. = LC_X2_Y3_N3; Fanout = 3; REG Node = 'ControlUnit2:cu|mat[52]'
        Info: 2: + IC(2.542 ns) + CELL(0.200 ns) = 2.742 ns; Loc. = LC_X5_Y1_N8; Fanout = 1; COMB Node = 'ControlUnit2:cu|winner~83'
        Info: 3: + IC(2.658 ns) + CELL(0.200 ns) = 5.600 ns; Loc. = LC_X2_Y3_N1; Fanout = 1; COMB Node = 'ControlUnit2:cu|winner[0]~87'
        Info: 4: + IC(1.747 ns) + CELL(0.200 ns) = 7.547 ns; Loc. = LC_X6_Y3_N0; Fanout = 7; COMB Node = 'ControlUnit2:cu|winner[0]~90'
        Info: 5: + IC(2.450 ns) + CELL(2.322 ns) = 12.319 ns; Loc. = PIN_56; Fanout = 0; PIN Node = 'w2[0]'
        Info: Total cell delay = 2.922 ns ( 23.72 % )
        Info: Total interconnect delay = 9.397 ns ( 76.28 % )
Info: th for register "key:bl|scan_key.01011" (data pin = "ckey[1]", clock pin = "clk") is -1.234 ns
    Info: + Longest clock path from clock "clk" to destination register is 3.348 ns
        Info: 1: + IC(0.000 ns) + CELL(1.163 ns) = 1.163 ns; Loc. = PIN_12; Fanout = 100; CLK Node = 'clk'
        Info: 2: + IC(1.267 ns) + CELL(0.918 ns) = 3.348 ns; Loc. = LC_X2_Y4_N8; Fanout = 3; REG Node = 'key:bl|scan_key.01011'
        Info: Total cell delay = 2.081 ns ( 62.16 % )
        Info: Total interconnect delay = 1.267 ns ( 37.84 % )
    Info: + Micro hold delay of destination is 0.221 ns
    Info: - Shortest pin to register delay is 4.803 ns
        Info: 1: + IC(0.000 ns) + CELL(1.132 ns) = 1.132 ns; Loc. = PIN_73; Fanout = 14; PIN Node = 'ckey[1]'
        Info: 2: + IC(2.610 ns) + CELL(1.061 ns) = 4.803 ns; Loc. = LC_X2_Y4_N8; Fanout = 3; REG Node = 'key:bl|scan_key.01011'
        Info: Total cell delay = 2.193 ns ( 45.66 % )
        Info: Total interconnect delay = 2.610 ns ( 54.34 % )
Info: Quartus II Classic Timing Analyzer was successful. 0 errors, 3 warnings
    Info: Peak virtual memory: 175 megabytes
    Info: Processing ended: Sat Dec 14 11:50:00 2019
    Info: Elapsed time: 00:00:03
    Info: Total CPU time (on all processors): 00:00:01


