Flow report for Dooz
Sat Dec 14 11:50:01 2019
Quartus II Version 9.0 Build 235 06/17/2009 Service Pack 2 SJ Web Edition


---------------------
; Table of Contents ;
---------------------
  1. Legal Notice
  2. Flow Summary
  3. Flow Settings
  4. Flow Non-Default Global Settings
  5. Flow Elapsed Time
  6. Flow OS Summary
  7. Flow Log



----------------
; Legal Notice ;
----------------
Copyright (C) 1991-2009 Altera Corporation
Your use of Altera Corporation's design tools, logic functions 
and other software and tools, and its AMPP partner logic 
functions, and any output files from any of the foregoing 
(including device programming or simulation files), and any 
associated documentation or information are expressly subject 
to the terms and conditions of the Altera Program License 
Subscription Agreement, Altera MegaCore Function License 
Agreement, or other applicable license agreement, including, 
without limitation, that your use is for the sole purpose of 
programming logic devices manufactured by Altera and sold by 
Altera or its authorized distributors.  Please refer to the 
applicable agreement for further details.



+------------------------------------------------------------------------+
; Flow Summary                                                           ;
+-------------------------+----------------------------------------------+
; Flow Status             ; Successful - Sat Dec 14 11:50:01 2019        ;
; Quartus II Version      ; 9.0 Build 235 06/17/2009 SP 2 SJ Web Edition ;
; Revision Name           ; Dooz                                         ;
; Top-level Entity Name   ; Dooz                                         ;
; Family                  ; MAX II                                       ;
; Device                  ; EPM240T100C5                                 ;
; Timing Models           ; Final                                        ;
; Met timing requirements ; No                                           ;
; Total logic elements    ; 212 / 240 ( 88 % )                           ;
; Total pins              ; 37 / 80 ( 46 % )                             ;
; Total virtual pins      ; 0                                            ;
; UFM blocks              ; 0 / 1 ( 0 % )                                ;
+-------------------------+----------------------------------------------+


+-----------------------------------------+
; Flow Settings                           ;
+-------------------+---------------------+
; Option            ; Setting             ;
+-------------------+---------------------+
; Start date & time ; 12/14/2019 11:49:50 ;
; Main task         ; Compilation         ;
; Revision Name     ; Dooz                ;
+-------------------+---------------------+


+------------------------------------------------------------------------------------------------------------------------------+
; Flow Non-Default Global Settings                                                                                             ;
+---------------------------------------+----------------------------------+---------------+-------------+---------------------+
; Assignment Name                       ; Value                            ; Default Value ; Entity Name ; Section Id          ;
+---------------------------------------+----------------------------------+---------------+-------------+---------------------+
; COMPILER_SIGNATURE_ID                 ; 158515238796292.157631159004064  ; --            ; --          ; --                  ;
; EDA_OUTPUT_DATA_FORMAT                ; Verilog Hdl                      ; --            ; --          ; eda_timing_analysis ;
; EDA_TIMING_ANALYSIS_TOOL              ; PrimeTime (Verilog)              ; <None>        ; --          ; --                  ;
; MAX_CORE_JUNCTION_TEMP                ; 85                               ; --            ; --          ; --                  ;
; MIN_CORE_JUNCTION_TEMP                ; 0                                ; --            ; --          ; --                  ;
; MISC_FILE                             ; c:/altera/90sp2/quartus/Dooz.dpf ; --            ; --          ; --                  ;
; MISC_FILE                             ; C:/altera/90sp2/quartus/Dooz.dpf ; --            ; --          ; --                  ;
; MISC_FILE                             ; J:/fpga/dooz/Dooz.dpf            ; --            ; --          ; --                  ;
; POWER_EXT_SUPPLY_VOLTAGE_TO_REGULATOR ; 3.3V                             ; --            ; --          ; --                  ;
; USE_GENERATED_PHYSICAL_CONSTRAINTS    ; Off                              ; --            ; --          ; eda_blast_fpga      ;
+---------------------------------------+----------------------------------+---------------+-------------+---------------------+


+-----------------------------------------------------------------------------------------------------------------------------+
; Flow Elapsed Time                                                                                                           ;
+-------------------------+--------------+-------------------------+---------------------+------------------------------------+
; Module Name             ; Elapsed Time ; Average Processors Used ; Peak Virtual Memory ; Total CPU Time (on all processors) ;
+-------------------------+--------------+-------------------------+---------------------+------------------------------------+
; Analysis & Synthesis    ; 00:00:03     ; 1.0                     ; 215 MB              ; 00:00:02                           ;
; Fitter                  ; 00:00:02     ; 1.0                     ; 230 MB              ; 00:00:01                           ;
; Assembler               ; 00:00:00     ; 1.0                     ; 188 MB              ; 00:00:00                           ;
; Classic Timing Analyzer ; 00:00:02     ; 1.0                     ; 163 MB              ; 00:00:00                           ;
; EDA Netlist Writer      ; 00:00:00     ; 1.0                     ; 162 MB              ; 00:00:00                           ;
; Total                   ; 00:00:07     ; --                      ; --                  ; 00:00:03                           ;
+-------------------------+--------------+-------------------------+---------------------+------------------------------------+


+------------------------------------------------------------------------------------------+
; Flow OS Summary                                                                          ;
+-------------------------+------------------+---------------+------------+----------------+
; Module Name             ; Machine Hostname ; OS Name       ; OS Version ; Processor type ;
+-------------------------+------------------+---------------+------------+----------------+
; Analysis & Synthesis    ; azm2             ; Windows Vista ; 6.1        ; x86_64         ;
; Fitter                  ; azm2             ; Windows Vista ; 6.1        ; x86_64         ;
; Assembler               ; azm2             ; Windows Vista ; 6.1        ; x86_64         ;
; Classic Timing Analyzer ; azm2             ; Windows Vista ; 6.1        ; x86_64         ;
; EDA Netlist Writer      ; azm2             ; Windows Vista ; 6.1        ; x86_64         ;
+-------------------------+------------------+---------------+------------+----------------+


------------
; Flow Log ;
------------
quartus_map --read_settings_files=on --write_settings_files=off Dooz -c Dooz
quartus_fit --read_settings_files=off --write_settings_files=off Dooz -c Dooz
quartus_asm --read_settings_files=off --write_settings_files=off Dooz -c Dooz
quartus_tan --read_settings_files=off --write_settings_files=off Dooz -c Dooz
quartus_eda --read_settings_files=off --write_settings_files=off Dooz -c Dooz



